[ 50%] [32mBuilding CXX object CMakeFiles/waypoint_controller.dir/src/waypoint_controller.cpp.o[0m
[100%] [32m[1mLinking CXX executable waypoint_controller[0m
[100%] Built target waypoint_controller
-- Install configuration: ""
-- Installing: /home/dell/drone/install/drone_description/lib/drone_description/waypoint_controller
-- Set non-toolchain portion of runtime path of "/home/dell/drone/install/drone_description/lib/drone_description/waypoint_controller" to ""
-- Up-to-date: /home/dell/drone/install/drone_description/share/drone_description/models
-- Installing: /home/dell/drone/install/drone_description/share/drone_description/models/x3
-- Up-to-date: /home/dell/drone/install/drone_description/share/drone_description/models/x3/thumbnails
-- Up-to-date: /home/dell/drone/install/drone_description/share/drone_description/models/x3/thumbnails/5.jpg
-- Up-to-date: /home/dell/drone/install/drone_description/share/drone_description/models/x3/thumbnails/1.jpg
-- Up-to-date: /home/dell/drone/install/drone_description/share/drone_description/models/x3/thumbnails/3.jpg
-- Up-to-date: /home/dell/drone/install/drone_description/share/drone_description/models/x3/thumbnails/4.jpg
-- Up-to-date: /home/dell/drone/install/drone_description/share/drone_description/models/x3/thumbnails/2.jpg
-- Up-to-date: /home/dell/drone/install/drone_description/share/drone_description/models/x3/model.sdf
-- Up-to-date: /home/dell/drone/install/drone_description/share/drone_description/models/x3/meshes
-- Up-to-date: /home/dell/drone/install/drone_description/share/drone_description/models/x3/meshes/neo9_propeller_ccw.dae
-- Up-to-date: /home/dell/drone/install/drone_description/share/drone_description/models/x3/meshes/hummingbird.dae
-- Up-to-date: /home/dell/drone/install/drone_description/share/drone_description/models/x3/meshes/x3.dae
-- Up-to-date: /home/dell/drone/install/drone_description/share/drone_description/models/x3/meshes/neo9.dae
-- Up-to-date: /home/dell/drone/install/drone_description/share/drone_description/models/x3/meshes/x3.jpg
-- Up-to-date: /home/dell/drone/install/drone_description/share/drone_description/models/x3/meshes/ardrone.dae
-- Up-to-date: /home/dell/drone/install/drone_description/share/drone_description/models/x3/meshes/propeller_cw.dae
-- Up-to-date: /home/dell/drone/install/drone_description/share/drone_description/models/x3/meshes/vi_sensor.dae
-- Up-to-date: /home/dell/drone/install/drone_description/share/drone_description/models/x3/meshes/neo9_propeller_cw.dae
-- Up-to-date: /home/dell/drone/install/drone_description/share/drone_description/models/x3/meshes/neo11.dae
-- Up-to-date: /home/dell/drone/install/drone_description/share/drone_description/models/x3/meshes/vi_camera.dae
-- Up-to-date: /home/dell/drone/install/drone_description/share/drone_description/models/x3/meshes/neo11_propeller_cw.dae
-- Up-to-date: /home/dell/drone/install/drone_description/share/drone_description/models/x3/meshes/vi_sensor.jpg
-- Up-to-date: /home/dell/drone/install/drone_description/share/drone_description/models/x3/meshes/vi_camera.jpg
-- Up-to-date: /home/dell/drone/install/drone_description/share/drone_description/models/x3/meshes/pelican.dae
-- Up-to-date: /home/dell/drone/install/drone_description/share/drone_description/models/x3/meshes/neo11_propeller_ccw.dae
-- Up-to-date: /home/dell/drone/install/drone_description/share/drone_description/models/x3/meshes/iris.dae
-- Up-to-date: /home/dell/drone/install/drone_description/share/drone_description/models/x3/meshes/firefly.dae
-- Up-to-date: /home/dell/drone/install/drone_description/share/drone_description/models/x3/meshes/propeller_ccw.dae
-- Up-to-date: /home/dell/drone/install/drone_description/share/drone_description/models/x3/model.config
-- Up-to-date: /home/dell/drone/install/drone_description/share/drone_description/worlds
-- Up-to-date: /home/dell/drone/install/drone_description/share/drone_description/worlds/test_world.sdf
-- Up-to-date: /home/dell/drone/install/drone_description/share/drone_description/worlds/drone_world.sdf
-- Up-to-date: /home/dell/drone/install/drone_description/share/drone_description/launch
-- Up-to-date: /home/dell/drone/install/drone_description/share/drone_description/launch/gz.launch.py
-- Up-to-date: /home/dell/drone/install/drone_description/share/drone_description/config
-- Up-to-date: /home/dell/drone/install/drone_description/share/drone_description/config/bridge.yaml
-- Up-to-date: /home/dell/drone/install/drone_description/share/ament_index/resource_index/package_run_dependencies/drone_description
-- Up-to-date: /home/dell/drone/install/drone_description/share/ament_index/resource_index/parent_prefix_path/drone_description
-- Up-to-date: /home/dell/drone/install/drone_description/share/drone_description/environment/ament_prefix_path.sh
-- Up-to-date: /home/dell/drone/install/drone_description/share/drone_description/environment/ament_prefix_path.dsv
-- Up-to-date: /home/dell/drone/install/drone_description/share/drone_description/environment/path.sh
-- Up-to-date: /home/dell/drone/install/drone_description/share/drone_description/environment/path.dsv
-- Up-to-date: /home/dell/drone/install/drone_description/share/drone_description/local_setup.bash
-- Up-to-date: /home/dell/drone/install/drone_description/share/drone_description/local_setup.sh
-- Up-to-date: /home/dell/drone/install/drone_description/share/drone_description/local_setup.zsh
-- Up-to-date: /home/dell/drone/install/drone_description/share/drone_description/local_setup.dsv
-- Installing: /home/dell/drone/install/drone_description/share/drone_description/package.dsv
-- Up-to-date: /home/dell/drone/install/drone_description/share/ament_index/resource_index/packages/drone_description
-- Up-to-date: /home/dell/drone/install/drone_description/share/drone_description/cmake/drone_descriptionConfig.cmake
-- Up-to-date: /home/dell/drone/install/drone_description/share/drone_description/cmake/drone_descriptionConfig-version.cmake
-- Up-to-date: /home/dell/drone/install/drone_description/share/drone_description/package.xml
