[0.008s] Invoking command in '/home/dell/drone/build/drone_description': CMAKE_PREFIX_PATH=${CMAKE_PREFIX_PATH}:/opt/ros/jazzy DEBUGINFOD_URLS=https://debuginfod.ubuntu.com /usr/bin/cmake --build /home/dell/drone/build/drone_description -- -j16 -l16
[0.027s] -- Found ament_cmake: 2.5.4 (/opt/ros/jazzy/share/ament_cmake/cmake)
[0.196s] -- Found rclcpp: 28.1.9 (/opt/ros/jazzy/share/rclcpp/cmake)
[0.220s] -- Found rosidl_generator_c: 4.6.5 (/opt/ros/jazzy/share/rosidl_generator_c/cmake)
[0.229s] -- Found rosidl_generator_cpp: 4.6.5 (/opt/ros/jazzy/share/rosidl_generator_cpp/cmake)
[0.239s] -- Using all available rosidl_typesupport_c: rosidl_typesupport_fastrtps_c;rosidl_typesupport_introspection_c
[0.251s] -- Using all available rosidl_typesupport_cpp: rosidl_typesupport_fastrtps_cpp;rosidl_typesupport_introspection_cpp
[0.308s] -- Found rmw_implementation_cmake: 7.3.2 (/opt/ros/jazzy/share/rmw_implementation_cmake/cmake)
[0.309s] -- Found rmw_fastrtps_cpp: 8.4.2 (/opt/ros/jazzy/share/rmw_fastrtps_cpp/cmake)
[0.361s] -- Using RMW implementation 'rmw_fastrtps_cpp' as default
[0.417s] -- Found geometry_msgs: 5.3.6 (/opt/ros/jazzy/share/geometry_msgs/cmake)
[0.446s] [31mCMake Error at CMakeLists.txt:19 (install):
[0.446s]   install TARGETS given target "waypoint_controller.cpp" which does not
[0.446s]   exist.
[0.446s] 
[0.446s] [0m
[0.446s] -- Found ament_lint_auto: 0.17.2 (/opt/ros/jazzy/share/ament_lint_auto/cmake)
[0.522s] -- Added test 'cppcheck' to perform static code analysis on C / C++ code
[0.522s] -- Configured cppcheck include dirs: 
[0.522s] -- Configured cppcheck exclude dirs and/or files: 
[0.523s] -- Added test 'lint_cmake' to check CMake code style
[0.524s] -- Added test 'uncrustify' to check C / C++ code style
[0.524s] -- Configured uncrustify additional arguments: 
[0.524s] -- Added test 'xmllint' to check XML markup files
[0.525s] -- Configuring incomplete, errors occurred!
[0.530s] gmake: *** [Makefile:226: cmake_check_build_system] Error 1
[0.532s] Invoked command in '/home/dell/drone/build/drone_description' returned '2': CMAKE_PREFIX_PATH=${CMAKE_PREFIX_PATH}:/opt/ros/jazzy DEBUGINFOD_URLS=https://debuginfod.ubuntu.com /usr/bin/cmake --build /home/dell/drone/build/drone_description -- -j16 -l16
