[0.009s] Invoking command in '/home/dell/drone/build/drone_description': CMAKE_PREFIX_PATH=${CMAKE_PREFIX_PATH}:/opt/ros/jazzy DEBUGINFOD_URLS=https://debuginfod.ubuntu.com /usr/bin/cmake --build /home/dell/drone/build/drone_description -- -j16 -l16
[0.062s] [ 50%] [32mBuilding CXX object CMakeFiles/waypoint_controller.dir/src/waypoint_controller.cpp.o[0m
[10.690s] [100%] [32m[1mLinking CXX executable waypoint_controller[0m
[11.041s] [100%] Built target waypoint_controller
[11.050s] Invoked command in '/home/dell/drone/build/drone_description' returned '0': CMAKE_PREFIX_PATH=${CMAKE_PREFIX_PATH}:/opt/ros/jazzy DEBUGINFOD_URLS=https://debuginfod.ubuntu.com /usr/bin/cmake --build /home/dell/drone/build/drone_description -- -j16 -l16
[11.059s] Invoking command in '/home/dell/drone/build/drone_description': CMAKE_PREFIX_PATH=${CMAKE_PREFIX_PATH}:/opt/ros/jazzy DEBUGINFOD_URLS=https://debuginfod.ubuntu.com /usr/bin/cmake --install /home/dell/drone/build/drone_description
[11.065s] -- Install configuration: ""
[11.066s] -- Installing: /home/dell/drone/install/drone_description/lib/drone_description/waypoint_controller
[11.073s] -- Set non-toolchain portion of runtime path of "/home/dell/drone/install/drone_description/lib/drone_description/waypoint_controller" to ""
[11.074s] -- Up-to-date: /home/dell/drone/install/drone_description/share/drone_description/models
[11.074s] -- Installing: /home/dell/drone/install/drone_description/share/drone_description/models/x3
[11.074s] -- Up-to-date: /home/dell/drone/install/drone_description/share/drone_description/models/x3/thumbnails
[11.074s] -- Up-to-date: /home/dell/drone/install/drone_description/share/drone_description/models/x3/thumbnails/5.jpg
[11.074s] -- Up-to-date: /home/dell/drone/install/drone_description/share/drone_description/models/x3/thumbnails/1.jpg
[11.075s] -- Up-to-date: /home/dell/drone/install/drone_description/share/drone_description/models/x3/thumbnails/3.jpg
[11.075s] -- Up-to-date: /home/dell/drone/install/drone_description/share/drone_description/models/x3/thumbnails/4.jpg
[11.075s] -- Up-to-date: /home/dell/drone/install/drone_description/share/drone_description/models/x3/thumbnails/2.jpg
[11.075s] -- Up-to-date: /home/dell/drone/install/drone_description/share/drone_description/models/x3/model.sdf
[11.075s] -- Up-to-date: /home/dell/drone/install/drone_description/share/drone_description/models/x3/meshes
[11.075s] -- Up-to-date: /home/dell/drone/install/drone_description/share/drone_description/models/x3/meshes/neo9_propeller_ccw.dae
[11.075s] -- Up-to-date: /home/dell/drone/install/drone_description/share/drone_description/models/x3/meshes/hummingbird.dae
[11.075s] -- Up-to-date: /home/dell/drone/install/drone_description/share/drone_description/models/x3/meshes/x3.dae
[11.076s] -- Up-to-date: /home/dell/drone/install/drone_description/share/drone_description/models/x3/meshes/neo9.dae
[11.076s] -- Up-to-date: /home/dell/drone/install/drone_description/share/drone_description/models/x3/meshes/x3.jpg
[11.076s] -- Up-to-date: /home/dell/drone/install/drone_description/share/drone_description/models/x3/meshes/ardrone.dae
[11.077s] -- Up-to-date: /home/dell/drone/install/drone_description/share/drone_description/models/x3/meshes/propeller_cw.dae
[11.077s] -- Up-to-date: /home/dell/drone/install/drone_description/share/drone_description/models/x3/meshes/vi_sensor.dae
[11.077s] -- Up-to-date: /home/dell/drone/install/drone_description/share/drone_description/models/x3/meshes/neo9_propeller_cw.dae
[11.077s] -- Up-to-date: /home/dell/drone/install/drone_description/share/drone_description/models/x3/meshes/neo11.dae
[11.078s] -- Up-to-date: /home/dell/drone/install/drone_description/share/drone_description/models/x3/meshes/vi_camera.dae
[11.078s] -- Up-to-date: /home/dell/drone/install/drone_description/share/drone_description/models/x3/meshes/neo11_propeller_cw.dae
[11.078s] -- Up-to-date: /home/dell/drone/install/drone_description/share/drone_description/models/x3/meshes/vi_sensor.jpg
[11.078s] -- Up-to-date: /home/dell/drone/install/drone_description/share/drone_description/models/x3/meshes/vi_camera.jpg
[11.079s] -- Up-to-date: /home/dell/drone/install/drone_description/share/drone_description/models/x3/meshes/pelican.dae
[11.079s] -- Up-to-date: /home/dell/drone/install/drone_description/share/drone_description/models/x3/meshes/neo11_propeller_ccw.dae
[11.079s] -- Up-to-date: /home/dell/drone/install/drone_description/share/drone_description/models/x3/meshes/iris.dae
[11.079s] -- Up-to-date: /home/dell/drone/install/drone_description/share/drone_description/models/x3/meshes/firefly.dae
[11.080s] -- Up-to-date: /home/dell/drone/install/drone_description/share/drone_description/models/x3/meshes/propeller_ccw.dae
[11.080s] -- Up-to-date: /home/dell/drone/install/drone_description/share/drone_description/models/x3/model.config
[11.080s] -- Up-to-date: /home/dell/drone/install/drone_description/share/drone_description/worlds
[11.081s] -- Up-to-date: /home/dell/drone/install/drone_description/share/drone_description/worlds/test_world.sdf
[11.081s] -- Up-to-date: /home/dell/drone/install/drone_description/share/drone_description/worlds/drone_world.sdf
[11.081s] -- Up-to-date: /home/dell/drone/install/drone_description/share/drone_description/launch
[11.081s] -- Up-to-date: /home/dell/drone/install/drone_description/share/drone_description/launch/gz.launch.py
[11.082s] -- Up-to-date: /home/dell/drone/install/drone_description/share/drone_description/config
[11.082s] -- Up-to-date: /home/dell/drone/install/drone_description/share/drone_description/config/drone.rviz
[11.082s] -- Up-to-date: /home/dell/drone/install/drone_description/share/drone_description/config/bridge.yaml
[11.082s] -- Up-to-date: /home/dell/drone/install/drone_description/share/ament_index/resource_index/package_run_dependencies/drone_description
[11.082s] -- Up-to-date: /home/dell/drone/install/drone_description/share/ament_index/resource_index/parent_prefix_path/drone_description
[11.082s] -- Up-to-date: /home/dell/drone/install/drone_description/share/drone_description/environment/ament_prefix_path.sh
[11.082s] -- Up-to-date: /home/dell/drone/install/drone_description/share/drone_description/environment/ament_prefix_path.dsv
[11.083s] -- Up-to-date: /home/dell/drone/install/drone_description/share/drone_description/environment/path.sh
[11.083s] -- Up-to-date: /home/dell/drone/install/drone_description/share/drone_description/environment/path.dsv
[11.083s] -- Up-to-date: /home/dell/drone/install/drone_description/share/drone_description/local_setup.bash
[11.083s] -- Up-to-date: /home/dell/drone/install/drone_description/share/drone_description/local_setup.sh
[11.083s] -- Up-to-date: /home/dell/drone/install/drone_description/share/drone_description/local_setup.zsh
[11.083s] -- Up-to-date: /home/dell/drone/install/drone_description/share/drone_description/local_setup.dsv
[11.083s] -- Installing: /home/dell/drone/install/drone_description/share/drone_description/package.dsv
[11.084s] -- Up-to-date: /home/dell/drone/install/drone_description/share/ament_index/resource_index/packages/drone_description
[11.084s] -- Up-to-date: /home/dell/drone/install/drone_description/share/drone_description/cmake/drone_descriptionConfig.cmake
[11.084s] -- Up-to-date: /home/dell/drone/install/drone_description/share/drone_description/cmake/drone_descriptionConfig-version.cmake
[11.084s] -- Up-to-date: /home/dell/drone/install/drone_description/share/drone_description/package.xml
[11.084s] Invoked command in '/home/dell/drone/build/drone_description' returned '0': CMAKE_PREFIX_PATH=${CMAKE_PREFIX_PATH}:/opt/ros/jazzy DEBUGINFOD_URLS=https://debuginfod.ubuntu.com /usr/bin/cmake --install /home/dell/drone/build/drone_description
