[0.010s] Invoking command in '/home/dell/drone/build/drone_description': CMAKE_PREFIX_PATH=${CMAKE_PREFIX_PATH}:/opt/ros/jazzy DEBUGINFOD_URLS=https://debuginfod.ubuntu.com /usr/bin/cmake --build /home/dell/drone/build/drone_description -- -j16 -l16
[0.061s] -- Found ament_cmake: 2.5.4 (/opt/ros/jazzy/share/ament_cmake/cmake)
[0.223s] -- Found rclcpp: 28.1.9 (/opt/ros/jazzy/share/rclcpp/cmake)
[0.251s] -- Found rosidl_generator_c: 4.6.5 (/opt/ros/jazzy/share/rosidl_generator_c/cmake)
[0.260s] -- Found rosidl_generator_cpp: 4.6.5 (/opt/ros/jazzy/share/rosidl_generator_cpp/cmake)
[0.272s] -- Using all available rosidl_typesupport_c: rosidl_typesupport_fastrtps_c;rosidl_typesupport_introspection_c
[0.286s] -- Using all available rosidl_typesupport_cpp: rosidl_typesupport_fastrtps_cpp;rosidl_typesupport_introspection_cpp
[0.352s] -- Found rmw_implementation_cmake: 7.3.2 (/opt/ros/jazzy/share/rmw_implementation_cmake/cmake)
[0.354s] -- Found rmw_fastrtps_cpp: 8.4.2 (/opt/ros/jazzy/share/rmw_fastrtps_cpp/cmake)
[0.413s] -- Using RMW implementation 'rmw_fastrtps_cpp' as default
[0.480s] -- Found geometry_msgs: 5.3.6 (/opt/ros/jazzy/share/geometry_msgs/cmake)
[0.524s] [31mCMake Error at CMakeLists.txt:12 (find_package):
[0.525s]   By not providing "Findgz_sim_msgs.cmake" in CMAKE_MODULE_PATH this project
[0.525s]   has asked CMake to find a package configuration file provided by
[0.525s]   "gz_sim_msgs", but CMake did not find one.
[0.525s] 
[0.525s]   Could not find a package configuration file provided by "gz_sim_msgs" with
[0.525s]   any of the following names:
[0.525s] 
[0.525s]     gz_sim_msgsConfig.cmake
[0.525s]     gz_sim_msgs-config.cmake
[0.525s] 
[0.525s]   Add the installation prefix of "gz_sim_msgs" to CMAKE_PREFIX_PATH or set
[0.525s]   "gz_sim_msgs_DIR" to a directory containing one of the above files.  If
[0.525s]   "gz_sim_msgs" provides a separate development package or SDK, be sure it
[0.525s]   has been installed.
[0.525s] 
[0.526s] [0m
[0.526s] -- Configuring incomplete, errors occurred!
[0.530s] gmake: *** [Makefile:267: cmake_check_build_system] Error 1
[0.531s] Invoked command in '/home/dell/drone/build/drone_description' returned '2': CMAKE_PREFIX_PATH=${CMAKE_PREFIX_PATH}:/opt/ros/jazzy DEBUGINFOD_URLS=https://debuginfod.ubuntu.com /usr/bin/cmake --build /home/dell/drone/build/drone_description -- -j16 -l16
