[ 50%] [32mBuilding CXX object CMakeFiles/waypoint_controller.dir/src/waypoint_controller.cpp.o[0m
[100%] [32m[1mLinking CXX executable waypoint_controller[0m
[100%] Built target waypoint_controller
-- Install configuration: ""
-- Installing: /home/dell/drone/install/drone_description/lib/drone_description/waypoint_controller
-- Set non-toolchain portion of runtime path of "/home/dell/drone/install/drone_description/lib/drone_description/waypoint_controller" to ""
-- Up-to-date: /home/dell/drone/install/drone_description/share/ament_index/resource_index/package_run_dependencies/drone_description
-- Up-to-date: /home/dell/drone/install/drone_description/share/ament_index/resource_index/parent_prefix_path/drone_description
-- Up-to-date: /home/dell/drone/install/drone_description/share/drone_description/environment/ament_prefix_path.sh
-- Up-to-date: /home/dell/drone/install/drone_description/share/drone_description/environment/ament_prefix_path.dsv
-- Up-to-date: /home/dell/drone/install/drone_description/share/drone_description/environment/path.sh
-- Up-to-date: /home/dell/drone/install/drone_description/share/drone_description/environment/path.dsv
-- Up-to-date: /home/dell/drone/install/drone_description/share/drone_description/local_setup.bash
-- Up-to-date: /home/dell/drone/install/drone_description/share/drone_description/local_setup.sh
-- Up-to-date: /home/dell/drone/install/drone_description/share/drone_description/local_setup.zsh
-- Up-to-date: /home/dell/drone/install/drone_description/share/drone_description/local_setup.dsv
-- Installing: /home/dell/drone/install/drone_description/share/drone_description/package.dsv
-- Up-to-date: /home/dell/drone/install/drone_description/share/ament_index/resource_index/packages/drone_description
-- Up-to-date: /home/dell/drone/install/drone_description/share/drone_description/cmake/drone_descriptionConfig.cmake
-- Up-to-date: /home/dell/drone/install/drone_description/share/drone_description/cmake/drone_descriptionConfig-version.cmake
-- Up-to-date: /home/dell/drone/install/drone_description/share/drone_description/package.xml
