-- Found ament_cmake: 2.5.4 (/opt/ros/jazzy/share/ament_cmake/cmake)
-- Found rclcpp: 28.1.9 (/opt/ros/jazzy/share/rclcpp/cmake)
-- Found rosidl_generator_c: 4.6.5 (/opt/ros/jazzy/share/rosidl_generator_c/cmake)
-- Found rosidl_generator_cpp: 4.6.5 (/opt/ros/jazzy/share/rosidl_generator_cpp/cmake)
-- Using all available rosidl_typesupport_c: rosidl_typesupport_fastrtps_c;rosidl_typesupport_introspection_c
-- Using all available rosidl_typesupport_cpp: rosidl_typesupport_fastrtps_cpp;rosidl_typesupport_introspection_cpp
-- Found rmw_implementation_cmake: 7.3.2 (/opt/ros/jazzy/share/rmw_implementation_cmake/cmake)
-- Found rmw_fastrtps_cpp: 8.4.2 (/opt/ros/jazzy/share/rmw_fastrtps_cpp/cmake)
-- Using RMW implementation 'rmw_fastrtps_cpp' as default
-- Found geometry_msgs: 5.3.6 (/opt/ros/jazzy/share/geometry_msgs/cmake)
-- Found ament_lint_auto: 0.17.2 (/opt/ros/jazzy/share/ament_lint_auto/cmake)
-- Added test 'cppcheck' to perform static code analysis on C / C++ code
-- Configured cppcheck include dirs: 
-- Configured cppcheck exclude dirs and/or files: 
-- Added test 'lint_cmake' to check CMake code style
-- Added test 'uncrustify' to check C / C++ code style
-- Configured uncrustify additional arguments: 
-- Added test 'xmllint' to check XML markup files
-- Configuring done (0.5s)
-- Generating done (0.0s)
-- Build files have been written to: /home/dell/drone/build/drone_description
[ 50%] [32mBuilding CXX object CMakeFiles/waypoint_controller.dir/src/waypoint_controller.cpp.o[0m
[100%] [32m[1mLinking CXX executable waypoint_controller[0m
[100%] Built target waypoint_controller
-- Install configuration: ""
-- Installing: /home/dell/drone/install/drone_description/lib/drone_description/waypoint_controller
-- Set non-toolchain portion of runtime path of "/home/dell/drone/install/drone_description/lib/drone_description/waypoint_controller" to ""
-- Installing: /home/dell/drone/install/drone_description/share/ament_index/resource_index/package_run_dependencies/drone_description
-- Up-to-date: /home/dell/drone/install/drone_description/share/ament_index/resource_index/parent_prefix_path/drone_description
-- Up-to-date: /home/dell/drone/install/drone_description/share/drone_description/environment/ament_prefix_path.sh
-- Up-to-date: /home/dell/drone/install/drone_description/share/drone_description/environment/ament_prefix_path.dsv
-- Up-to-date: /home/dell/drone/install/drone_description/share/drone_description/environment/path.sh
-- Up-to-date: /home/dell/drone/install/drone_description/share/drone_description/environment/path.dsv
-- Up-to-date: /home/dell/drone/install/drone_description/share/drone_description/local_setup.bash
-- Up-to-date: /home/dell/drone/install/drone_description/share/drone_description/local_setup.sh
-- Up-to-date: /home/dell/drone/install/drone_description/share/drone_description/local_setup.zsh
-- Up-to-date: /home/dell/drone/install/drone_description/share/drone_description/local_setup.dsv
-- Installing: /home/dell/drone/install/drone_description/share/drone_description/package.dsv
-- Up-to-date: /home/dell/drone/install/drone_description/share/ament_index/resource_index/packages/drone_description
-- Up-to-date: /home/dell/drone/install/drone_description/share/drone_description/cmake/drone_descriptionConfig.cmake
-- Up-to-date: /home/dell/drone/install/drone_description/share/drone_description/cmake/drone_descriptionConfig-version.cmake
-- Installing: /home/dell/drone/install/drone_description/share/drone_description/package.xml
