[0.008s] Invoking command in '/home/dell/drone/build/drone_description': CMAKE_PREFIX_PATH=${CMAKE_PREFIX_PATH}:/opt/ros/jazzy DEBUGINFOD_URLS=https://debuginfod.ubuntu.com /usr/bin/cmake --build /home/dell/drone/build/drone_description -- -j16 -l16
[0.027s] -- Found ament_cmake: 2.5.4 (/opt/ros/jazzy/share/ament_cmake/cmake)
[0.193s] -- Found rclcpp: 28.1.9 (/opt/ros/jazzy/share/rclcpp/cmake)
[0.218s] -- Found rosidl_generator_c: 4.6.5 (/opt/ros/jazzy/share/rosidl_generator_c/cmake)
[0.226s] -- Found rosidl_generator_cpp: 4.6.5 (/opt/ros/jazzy/share/rosidl_generator_cpp/cmake)
[0.237s] -- Using all available rosidl_typesupport_c: rosidl_typesupport_fastrtps_c;rosidl_typesupport_introspection_c
[0.250s] -- Using all available rosidl_typesupport_cpp: rosidl_typesupport_fastrtps_cpp;rosidl_typesupport_introspection_cpp
[0.309s] -- Found rmw_implementation_cmake: 7.3.2 (/opt/ros/jazzy/share/rmw_implementation_cmake/cmake)
[0.310s] -- Found rmw_fastrtps_cpp: 8.4.2 (/opt/ros/jazzy/share/rmw_fastrtps_cpp/cmake)
[0.365s] -- Using RMW implementation 'rmw_fastrtps_cpp' as default
[0.426s] -- Found geometry_msgs: 5.3.6 (/opt/ros/jazzy/share/geometry_msgs/cmake)
[0.459s] -- Found ament_lint_auto: 0.17.2 (/opt/ros/jazzy/share/ament_lint_auto/cmake)
[0.554s] -- Added test 'cppcheck' to perform static code analysis on C / C++ code
[0.554s] -- Configured cppcheck include dirs: 
[0.554s] -- Configured cppcheck exclude dirs and/or files: 
[0.554s] -- Added test 'lint_cmake' to check CMake code style
[0.556s] -- Added test 'uncrustify' to check C / C++ code style
[0.556s] -- Configured uncrustify additional arguments: 
[0.556s] -- Added test 'xmllint' to check XML markup files
[0.557s] -- Configuring done (0.5s)
[0.571s] -- Generating done (0.0s)
[0.574s] -- Build files have been written to: /home/dell/drone/build/drone_description
[0.600s] [ 50%] [32mBuilding CXX object CMakeFiles/waypoint_controller.dir/src/waypoint_controller.cpp.o[0m
[7.486s] [100%] [32m[1mLinking CXX executable waypoint_controller[0m
[7.786s] [100%] Built target waypoint_controller
[7.794s] Invoked command in '/home/dell/drone/build/drone_description' returned '0': CMAKE_PREFIX_PATH=${CMAKE_PREFIX_PATH}:/opt/ros/jazzy DEBUGINFOD_URLS=https://debuginfod.ubuntu.com /usr/bin/cmake --build /home/dell/drone/build/drone_description -- -j16 -l16
[7.802s] Invoking command in '/home/dell/drone/build/drone_description': CMAKE_PREFIX_PATH=${CMAKE_PREFIX_PATH}:/opt/ros/jazzy DEBUGINFOD_URLS=https://debuginfod.ubuntu.com /usr/bin/cmake --install /home/dell/drone/build/drone_description
[7.808s] -- Install configuration: ""
[7.808s] -- Installing: /home/dell/drone/install/drone_description/lib/drone_description/waypoint_controller
[7.810s] -- Set non-toolchain portion of runtime path of "/home/dell/drone/install/drone_description/lib/drone_description/waypoint_controller" to ""
[7.810s] -- Installing: /home/dell/drone/install/drone_description/share/ament_index/resource_index/package_run_dependencies/drone_description
[7.810s] -- Up-to-date: /home/dell/drone/install/drone_description/share/ament_index/resource_index/parent_prefix_path/drone_description
[7.811s] -- Up-to-date: /home/dell/drone/install/drone_description/share/drone_description/environment/ament_prefix_path.sh
[7.811s] -- Up-to-date: /home/dell/drone/install/drone_description/share/drone_description/environment/ament_prefix_path.dsv
[7.811s] -- Up-to-date: /home/dell/drone/install/drone_description/share/drone_description/environment/path.sh
[7.811s] -- Up-to-date: /home/dell/drone/install/drone_description/share/drone_description/environment/path.dsv
[7.811s] -- Up-to-date: /home/dell/drone/install/drone_description/share/drone_description/local_setup.bash
[7.811s] -- Up-to-date: /home/dell/drone/install/drone_description/share/drone_description/local_setup.sh
[7.811s] -- Up-to-date: /home/dell/drone/install/drone_description/share/drone_description/local_setup.zsh
[7.811s] -- Up-to-date: /home/dell/drone/install/drone_description/share/drone_description/local_setup.dsv
[7.811s] -- Installing: /home/dell/drone/install/drone_description/share/drone_description/package.dsv
[7.811s] -- Up-to-date: /home/dell/drone/install/drone_description/share/ament_index/resource_index/packages/drone_description
[7.811s] -- Up-to-date: /home/dell/drone/install/drone_description/share/drone_description/cmake/drone_descriptionConfig.cmake
[7.812s] -- Up-to-date: /home/dell/drone/install/drone_description/share/drone_description/cmake/drone_descriptionConfig-version.cmake
[7.812s] -- Installing: /home/dell/drone/install/drone_description/share/drone_description/package.xml
[7.813s] Invoked command in '/home/dell/drone/build/drone_description' returned '0': CMAKE_PREFIX_PATH=${CMAKE_PREFIX_PATH}:/opt/ros/jazzy DEBUGINFOD_URLS=https://debuginfod.ubuntu.com /usr/bin/cmake --install /home/dell/drone/build/drone_description
