-- Found ament_cmake: 2.5.4 (/opt/ros/jazzy/share/ament_cmake/cmake)
-- Found rclcpp: 28.1.9 (/opt/ros/jazzy/share/rclcpp/cmake)
-- Found rosidl_generator_c: 4.6.5 (/opt/ros/jazzy/share/rosidl_generator_c/cmake)
-- Found rosidl_generator_cpp: 4.6.5 (/opt/ros/jazzy/share/rosidl_generator_cpp/cmake)
-- Using all available rosidl_typesupport_c: rosidl_typesupport_fastrtps_c;rosidl_typesupport_introspection_c
-- Using all available rosidl_typesupport_cpp: rosidl_typesupport_fastrtps_cpp;rosidl_typesupport_introspection_cpp
-- Found rmw_implementation_cmake: 7.3.2 (/opt/ros/jazzy/share/rmw_implementation_cmake/cmake)
-- Found rmw_fastrtps_cpp: 8.4.2 (/opt/ros/jazzy/share/rmw_fastrtps_cpp/cmake)
-- Using RMW implementation 'rmw_fastrtps_cpp' as default
-- Found geometry_msgs: 5.3.6 (/opt/ros/jazzy/share/geometry_msgs/cmake)
[31mCMake Error at CMakeLists.txt:12 (find_package):
  By not providing "Findgz_sim_msgs.cmake" in CMAKE_MODULE_PATH this project
  has asked CMake to find a package configuration file provided by
  "gz_sim_msgs", but CMake did not find one.

  Could not find a package configuration file provided by "gz_sim_msgs" with
  any of the following names:

    gz_sim_msgsConfig.cmake
    gz_sim_msgs-config.cmake

  Add the installation prefix of "gz_sim_msgs" to CMAKE_PREFIX_PATH or set
  "gz_sim_msgs_DIR" to a directory containing one of the above files.  If
  "gz_sim_msgs" provides a separate development package or SDK, be sure it
  has been installed.

[0m
-- Configuring incomplete, errors occurred!
gmake: *** [Makefile:267: cmake_check_build_system] Error 1
