[0.113s] DEBUG:colcon:Command line arguments: ['/usr/bin/colcon', 'list', '-p', '--base-paths', '/home/dell/drone']
[0.113s] DEBUG:colcon:Parsed command line arguments: Namespace(log_base=None, log_level=None, verb_name='list', build_base='build', ignore_user_meta=False, metas=['./colcon.meta'], base_paths=['/home/dell/drone'], packages_ignore=None, packages_ignore_regex=None, paths=None, packages_up_to=None, packages_up_to_regex=None, packages_above=None, packages_above_and_dependencies=None, packages_above_depth=None, packages_select_by_dep=None, packages_skip_by_dep=None, packages_skip_up_to=None, packages_select_build_failed=False, packages_skip_build_finished=False, packages_select_test_failures=False, packages_skip_test_passed=False, packages_select=None, packages_skip=None, packages_select_regex=None, packages_skip_regex=None, packages_start=None, packages_end=None, allow_overriding=[], topological_order=False, names_only=False, paths_only=True, topological_graph=False, topological_graph_dot=False, topological_graph_density=False, topological_graph_legend=False, topological_graph_dot_cluster=False, topological_graph_dot_include_skipped=False, mixin_files=None, mixin=None, verb_parser=<colcon_mixin.mixin.mixin_argument.MixinArgumentDecorator object at 0x712286dadee0>, verb_extension=<colcon_package_information.verb.list.ListVerb object at 0x712286dad250>, main=<bound method ListVerb.main of <colcon_package_information.verb.list.ListVerb object at 0x712286dad250>>, mixin_verb=('list',))
[0.150s] Level 1:colcon.colcon_core.package_discovery:discover_packages(colcon_meta) check parameters
[0.150s] Level 1:colcon.colcon_core.package_discovery:discover_packages(recursive) check parameters
[0.150s] Level 1:colcon.colcon_core.package_discovery:discover_packages(ignore) check parameters
[0.150s] Level 1:colcon.colcon_core.package_discovery:discover_packages(path) check parameters
[0.150s] Level 1:colcon.colcon_core.package_discovery:discover_packages(recursive) discover
[0.150s] INFO:colcon.colcon_core.package_discovery:Crawling recursively for packages in '/home/dell/drone'
[0.151s] Level 1:colcon.colcon_core.package_identification:_identify(/home/dell/drone) by extensions ['ignore', 'ignore_ament_install']
[0.151s] Level 1:colcon.colcon_core.package_identification:_identify(/home/dell/drone) by extension 'ignore'
[0.151s] Level 1:colcon.colcon_core.package_identification:_identify(/home/dell/drone) by extension 'ignore_ament_install'
[0.151s] Level 1:colcon.colcon_core.package_identification:_identify(/home/dell/drone) by extensions ['colcon_pkg']
[0.151s] Level 1:colcon.colcon_core.package_identification:_identify(/home/dell/drone) by extension 'colcon_pkg'
[0.151s] Level 1:colcon.colcon_core.package_identification:_identify(/home/dell/drone) by extensions ['colcon_meta']
[0.151s] Level 1:colcon.colcon_core.package_identification:_identify(/home/dell/drone) by extension 'colcon_meta'
[0.151s] Level 1:colcon.colcon_core.package_identification:_identify(/home/dell/drone) by extensions ['ros']
[0.151s] Level 1:colcon.colcon_core.package_identification:_identify(/home/dell/drone) by extension 'ros'
[0.176s] Level 1:colcon.colcon_core.package_identification:_identify(/home/dell/drone) by extensions ['cmake', 'python']
[0.176s] Level 1:colcon.colcon_core.package_identification:_identify(/home/dell/drone) by extension 'cmake'
[0.176s] Level 1:colcon.colcon_core.package_identification:_identify(/home/dell/drone) by extension 'python'
[0.176s] Level 1:colcon.colcon_core.package_identification:_identify(/home/dell/drone) by extensions ['python_setup_py']
[0.176s] Level 1:colcon.colcon_core.package_identification:_identify(/home/dell/drone) by extension 'python_setup_py'
[0.176s] Level 1:colcon.colcon_core.package_identification:_identify(/home/dell/drone/build) by extensions ['ignore', 'ignore_ament_install']
[0.176s] Level 1:colcon.colcon_core.package_identification:_identify(/home/dell/drone/build) by extension 'ignore'
[0.176s] Level 1:colcon.colcon_core.package_identification:_identify(/home/dell/drone/build) ignored
[0.176s] Level 1:colcon.colcon_core.package_identification:_identify(/home/dell/drone/install) by extensions ['ignore', 'ignore_ament_install']
[0.176s] Level 1:colcon.colcon_core.package_identification:_identify(/home/dell/drone/install) by extension 'ignore'
[0.176s] Level 1:colcon.colcon_core.package_identification:_identify(/home/dell/drone/install) ignored
[0.176s] Level 1:colcon.colcon_core.package_identification:_identify(/home/dell/drone/log) by extensions ['ignore', 'ignore_ament_install']
[0.177s] Level 1:colcon.colcon_core.package_identification:_identify(/home/dell/drone/log) by extension 'ignore'
[0.177s] Level 1:colcon.colcon_core.package_identification:_identify(/home/dell/drone/log) ignored
[0.177s] Level 1:colcon.colcon_core.package_identification:_identify(/home/dell/drone/src) by extensions ['ignore', 'ignore_ament_install']
[0.177s] Level 1:colcon.colcon_core.package_identification:_identify(/home/dell/drone/src) by extension 'ignore'
[0.177s] Level 1:colcon.colcon_core.package_identification:_identify(/home/dell/drone/src) by extension 'ignore_ament_install'
[0.177s] Level 1:colcon.colcon_core.package_identification:_identify(/home/dell/drone/src) by extensions ['colcon_pkg']
[0.177s] Level 1:colcon.colcon_core.package_identification:_identify(/home/dell/drone/src) by extension 'colcon_pkg'
[0.177s] Level 1:colcon.colcon_core.package_identification:_identify(/home/dell/drone/src) by extensions ['colcon_meta']
[0.177s] Level 1:colcon.colcon_core.package_identification:_identify(/home/dell/drone/src) by extension 'colcon_meta'
[0.177s] Level 1:colcon.colcon_core.package_identification:_identify(/home/dell/drone/src) by extensions ['ros']
[0.177s] Level 1:colcon.colcon_core.package_identification:_identify(/home/dell/drone/src) by extension 'ros'
[0.177s] Level 1:colcon.colcon_core.package_identification:_identify(/home/dell/drone/src) by extensions ['cmake', 'python']
[0.177s] Level 1:colcon.colcon_core.package_identification:_identify(/home/dell/drone/src) by extension 'cmake'
[0.177s] Level 1:colcon.colcon_core.package_identification:_identify(/home/dell/drone/src) by extension 'python'
[0.177s] Level 1:colcon.colcon_core.package_identification:_identify(/home/dell/drone/src) by extensions ['python_setup_py']
[0.177s] Level 1:colcon.colcon_core.package_identification:_identify(/home/dell/drone/src) by extension 'python_setup_py'
[0.177s] Level 1:colcon.colcon_core.package_identification:_identify(/home/dell/drone/src/drone_description) by extensions ['ignore', 'ignore_ament_install']
[0.178s] Level 1:colcon.colcon_core.package_identification:_identify(/home/dell/drone/src/drone_description) by extension 'ignore'
[0.178s] Level 1:colcon.colcon_core.package_identification:_identify(/home/dell/drone/src/drone_description) by extension 'ignore_ament_install'
[0.178s] Level 1:colcon.colcon_core.package_identification:_identify(/home/dell/drone/src/drone_description) by extensions ['colcon_pkg']
[0.178s] Level 1:colcon.colcon_core.package_identification:_identify(/home/dell/drone/src/drone_description) by extension 'colcon_pkg'
[0.178s] Level 1:colcon.colcon_core.package_identification:_identify(/home/dell/drone/src/drone_description) by extensions ['colcon_meta']
[0.178s] Level 1:colcon.colcon_core.package_identification:_identify(/home/dell/drone/src/drone_description) by extension 'colcon_meta'
[0.178s] Level 1:colcon.colcon_core.package_identification:_identify(/home/dell/drone/src/drone_description) by extensions ['ros']
[0.178s] Level 1:colcon.colcon_core.package_identification:_identify(/home/dell/drone/src/drone_description) by extension 'ros'
[0.180s] DEBUG:colcon.colcon_core.package_identification:Package '/home/dell/drone/src/drone_description' with type 'ros.ament_cmake' and name 'drone_description'
[0.180s] Level 1:colcon.colcon_core.package_discovery:discover_packages(recursive) using defaults
