[100%] Built target waypoint_controller
-- Install configuration: ""
-- Up-to-date: /home/dell/drone/install/drone_description/lib/drone_description/waypoint_controller
-- Up-to-date: /home/dell/drone/install/drone_description/share/drone_description/models
-- Installing: /home/dell/drone/install/drone_description/share/drone_description/models/X3 UAV
-- Installing: /home/dell/drone/install/drone_description/share/drone_description/models/X3 UAV/thumbnails
-- Installing: /home/dell/drone/install/drone_description/share/drone_description/models/X3 UAV/thumbnails/5.jpg
-- Installing: /home/dell/drone/install/drone_description/share/drone_description/models/X3 UAV/thumbnails/1.jpg
-- Installing: /home/dell/drone/install/drone_description/share/drone_description/models/X3 UAV/thumbnails/3.jpg
-- Installing: /home/dell/drone/install/drone_description/share/drone_description/models/X3 UAV/thumbnails/4.jpg
-- Installing: /home/dell/drone/install/drone_description/share/drone_description/models/X3 UAV/thumbnails/2.jpg
-- Installing: /home/dell/drone/install/drone_description/share/drone_description/models/X3 UAV/model.sdf
-- Installing: /home/dell/drone/install/drone_description/share/drone_description/models/X3 UAV/meshes
-- Installing: /home/dell/drone/install/drone_description/share/drone_description/models/X3 UAV/meshes/neo9_propeller_ccw.dae
-- Installing: /home/dell/drone/install/drone_description/share/drone_description/models/X3 UAV/meshes/hummingbird.dae
-- Installing: /home/dell/drone/install/drone_description/share/drone_description/models/X3 UAV/meshes/x3.dae
-- Installing: /home/dell/drone/install/drone_description/share/drone_description/models/X3 UAV/meshes/neo9.dae
-- Installing: /home/dell/drone/install/drone_description/share/drone_description/models/X3 UAV/meshes/x3.jpg
-- Installing: /home/dell/drone/install/drone_description/share/drone_description/models/X3 UAV/meshes/ardrone.dae
-- Installing: /home/dell/drone/install/drone_description/share/drone_description/models/X3 UAV/meshes/propeller_cw.dae
-- Installing: /home/dell/drone/install/drone_description/share/drone_description/models/X3 UAV/meshes/vi_sensor.dae
-- Installing: /home/dell/drone/install/drone_description/share/drone_description/models/X3 UAV/meshes/neo9_propeller_cw.dae
-- Installing: /home/dell/drone/install/drone_description/share/drone_description/models/X3 UAV/meshes/neo11.dae
-- Installing: /home/dell/drone/install/drone_description/share/drone_description/models/X3 UAV/meshes/vi_camera.dae
-- Installing: /home/dell/drone/install/drone_description/share/drone_description/models/X3 UAV/meshes/neo11_propeller_cw.dae
-- Installing: /home/dell/drone/install/drone_description/share/drone_description/models/X3 UAV/meshes/vi_sensor.jpg
-- Installing: /home/dell/drone/install/drone_description/share/drone_description/models/X3 UAV/meshes/vi_camera.jpg
-- Installing: /home/dell/drone/install/drone_description/share/drone_description/models/X3 UAV/meshes/pelican.dae
-- Installing: /home/dell/drone/install/drone_description/share/drone_description/models/X3 UAV/meshes/neo11_propeller_ccw.dae
-- Installing: /home/dell/drone/install/drone_description/share/drone_description/models/X3 UAV/meshes/iris.dae
-- Installing: /home/dell/drone/install/drone_description/share/drone_description/models/X3 UAV/meshes/firefly.dae
-- Installing: /home/dell/drone/install/drone_description/share/drone_description/models/X3 UAV/meshes/propeller_ccw.dae
-- Installing: /home/dell/drone/install/drone_description/share/drone_description/models/X3 UAV/model.config
-- Up-to-date: /home/dell/drone/install/drone_description/share/drone_description/worlds
-- Up-to-date: /home/dell/drone/install/drone_description/share/drone_description/worlds/test_world.sdf
-- Installing: /home/dell/drone/install/drone_description/share/drone_description/worlds/drone_world.sdf
-- Up-to-date: /home/dell/drone/install/drone_description/share/drone_description/launch
-- Up-to-date: /home/dell/drone/install/drone_description/share/drone_description/launch/gz.launch.py
-- Up-to-date: /home/dell/drone/install/drone_description/share/drone_description/config
-- Up-to-date: /home/dell/drone/install/drone_description/share/drone_description/config/bridge.yaml
-- Up-to-date: /home/dell/drone/install/drone_description/share/ament_index/resource_index/package_run_dependencies/drone_description
-- Up-to-date: /home/dell/drone/install/drone_description/share/ament_index/resource_index/parent_prefix_path/drone_description
-- Up-to-date: /home/dell/drone/install/drone_description/share/drone_description/environment/ament_prefix_path.sh
-- Up-to-date: /home/dell/drone/install/drone_description/share/drone_description/environment/ament_prefix_path.dsv
-- Up-to-date: /home/dell/drone/install/drone_description/share/drone_description/environment/path.sh
-- Up-to-date: /home/dell/drone/install/drone_description/share/drone_description/environment/path.dsv
-- Up-to-date: /home/dell/drone/install/drone_description/share/drone_description/local_setup.bash
-- Up-to-date: /home/dell/drone/install/drone_description/share/drone_description/local_setup.sh
-- Up-to-date: /home/dell/drone/install/drone_description/share/drone_description/local_setup.zsh
-- Up-to-date: /home/dell/drone/install/drone_description/share/drone_description/local_setup.dsv
-- Installing: /home/dell/drone/install/drone_description/share/drone_description/package.dsv
-- Up-to-date: /home/dell/drone/install/drone_description/share/ament_index/resource_index/packages/drone_description
-- Up-to-date: /home/dell/drone/install/drone_description/share/drone_description/cmake/drone_descriptionConfig.cmake
-- Up-to-date: /home/dell/drone/install/drone_description/share/drone_description/cmake/drone_descriptionConfig-version.cmake
-- Up-to-date: /home/dell/drone/install/drone_description/share/drone_description/package.xml
