[0.009s] Invoking command in '/home/dell/drone/build/drone_description': CMAKE_PREFIX_PATH=${CMAKE_PREFIX_PATH}:/opt/ros/jazzy DEBUGINFOD_URLS=https://debuginfod.ubuntu.com /usr/bin/cmake --build /home/dell/drone/build/drone_description -- -j16 -l16
[0.052s] [100%] Built target waypoint_controller
[0.061s] Invoked command in '/home/dell/drone/build/drone_description' returned '0': CMAKE_PREFIX_PATH=${CMAKE_PREFIX_PATH}:/opt/ros/jazzy DEBUGINFOD_URLS=https://debuginfod.ubuntu.com /usr/bin/cmake --build /home/dell/drone/build/drone_description -- -j16 -l16
[0.068s] Invoking command in '/home/dell/drone/build/drone_description': CMAKE_PREFIX_PATH=${CMAKE_PREFIX_PATH}:/opt/ros/jazzy DEBUGINFOD_URLS=https://debuginfod.ubuntu.com /usr/bin/cmake --install /home/dell/drone/build/drone_description
[0.075s] -- Install configuration: ""
[0.075s] -- Up-to-date: /home/dell/drone/install/drone_description/lib/drone_description/waypoint_controller
[0.075s] -- Up-to-date: /home/dell/drone/install/drone_description/share/drone_description/models
[0.075s] -- Installing: /home/dell/drone/install/drone_description/share/drone_description/models/X3 UAV
[0.075s] -- Installing: /home/dell/drone/install/drone_description/share/drone_description/models/X3 UAV/thumbnails
[0.075s] -- Installing: /home/dell/drone/install/drone_description/share/drone_description/models/X3 UAV/thumbnails/5.jpg
[0.075s] -- Installing: /home/dell/drone/install/drone_description/share/drone_description/models/X3 UAV/thumbnails/1.jpg
[0.075s] -- Installing: /home/dell/drone/install/drone_description/share/drone_description/models/X3 UAV/thumbnails/3.jpg
[0.075s] -- Installing: /home/dell/drone/install/drone_description/share/drone_description/models/X3 UAV/thumbnails/4.jpg
[0.075s] -- Installing: /home/dell/drone/install/drone_description/share/drone_description/models/X3 UAV/thumbnails/2.jpg
[0.076s] -- Installing: /home/dell/drone/install/drone_description/share/drone_description/models/X3 UAV/model.sdf
[0.076s] -- Installing: /home/dell/drone/install/drone_description/share/drone_description/models/X3 UAV/meshes
[0.076s] -- Installing: /home/dell/drone/install/drone_description/share/drone_description/models/X3 UAV/meshes/neo9_propeller_ccw.dae
[0.076s] -- Installing: /home/dell/drone/install/drone_description/share/drone_description/models/X3 UAV/meshes/hummingbird.dae
[0.083s] -- Installing: /home/dell/drone/install/drone_description/share/drone_description/models/X3 UAV/meshes/x3.dae
[0.083s] -- Installing: /home/dell/drone/install/drone_description/share/drone_description/models/X3 UAV/meshes/neo9.dae
[0.087s] -- Installing: /home/dell/drone/install/drone_description/share/drone_description/models/X3 UAV/meshes/x3.jpg
[0.087s] -- Installing: /home/dell/drone/install/drone_description/share/drone_description/models/X3 UAV/meshes/ardrone.dae
[0.098s] -- Installing: /home/dell/drone/install/drone_description/share/drone_description/models/X3 UAV/meshes/propeller_cw.dae
[0.098s] -- Installing: /home/dell/drone/install/drone_description/share/drone_description/models/X3 UAV/meshes/vi_sensor.dae
[0.110s] -- Installing: /home/dell/drone/install/drone_description/share/drone_description/models/X3 UAV/meshes/neo9_propeller_cw.dae
[0.111s] -- Installing: /home/dell/drone/install/drone_description/share/drone_description/models/X3 UAV/meshes/neo11.dae
[0.115s] -- Installing: /home/dell/drone/install/drone_description/share/drone_description/models/X3 UAV/meshes/vi_camera.dae
[0.115s] -- Installing: /home/dell/drone/install/drone_description/share/drone_description/models/X3 UAV/meshes/neo11_propeller_cw.dae
[0.115s] -- Installing: /home/dell/drone/install/drone_description/share/drone_description/models/X3 UAV/meshes/vi_sensor.jpg
[0.116s] -- Installing: /home/dell/drone/install/drone_description/share/drone_description/models/X3 UAV/meshes/vi_camera.jpg
[0.116s] -- Installing: /home/dell/drone/install/drone_description/share/drone_description/models/X3 UAV/meshes/pelican.dae
[0.117s] -- Installing: /home/dell/drone/install/drone_description/share/drone_description/models/X3 UAV/meshes/neo11_propeller_ccw.dae
[0.118s] -- Installing: /home/dell/drone/install/drone_description/share/drone_description/models/X3 UAV/meshes/iris.dae
[0.130s] -- Installing: /home/dell/drone/install/drone_description/share/drone_description/models/X3 UAV/meshes/firefly.dae
[0.134s] -- Installing: /home/dell/drone/install/drone_description/share/drone_description/models/X3 UAV/meshes/propeller_ccw.dae
[0.134s] -- Installing: /home/dell/drone/install/drone_description/share/drone_description/models/X3 UAV/model.config
[0.134s] -- Up-to-date: /home/dell/drone/install/drone_description/share/drone_description/worlds
[0.134s] -- Up-to-date: /home/dell/drone/install/drone_description/share/drone_description/worlds/test_world.sdf
[0.135s] -- Installing: /home/dell/drone/install/drone_description/share/drone_description/worlds/drone_world.sdf
[0.135s] -- Up-to-date: /home/dell/drone/install/drone_description/share/drone_description/launch
[0.135s] -- Up-to-date: /home/dell/drone/install/drone_description/share/drone_description/launch/gz.launch.py
[0.135s] -- Up-to-date: /home/dell/drone/install/drone_description/share/drone_description/config
[0.135s] -- Up-to-date: /home/dell/drone/install/drone_description/share/drone_description/config/bridge.yaml
[0.135s] -- Up-to-date: /home/dell/drone/install/drone_description/share/ament_index/resource_index/package_run_dependencies/drone_description
[0.135s] -- Up-to-date: /home/dell/drone/install/drone_description/share/ament_index/resource_index/parent_prefix_path/drone_description
[0.135s] -- Up-to-date: /home/dell/drone/install/drone_description/share/drone_description/environment/ament_prefix_path.sh
[0.135s] -- Up-to-date: /home/dell/drone/install/drone_description/share/drone_description/environment/ament_prefix_path.dsv
[0.135s] -- Up-to-date: /home/dell/drone/install/drone_description/share/drone_description/environment/path.sh
[0.135s] -- Up-to-date: /home/dell/drone/install/drone_description/share/drone_description/environment/path.dsv
[0.135s] -- Up-to-date: /home/dell/drone/install/drone_description/share/drone_description/local_setup.bash
[0.135s] -- Up-to-date: /home/dell/drone/install/drone_description/share/drone_description/local_setup.sh
[0.136s] -- Up-to-date: /home/dell/drone/install/drone_description/share/drone_description/local_setup.zsh
[0.136s] -- Up-to-date: /home/dell/drone/install/drone_description/share/drone_description/local_setup.dsv
[0.136s] -- Installing: /home/dell/drone/install/drone_description/share/drone_description/package.dsv
[0.136s] -- Up-to-date: /home/dell/drone/install/drone_description/share/ament_index/resource_index/packages/drone_description
[0.136s] -- Up-to-date: /home/dell/drone/install/drone_description/share/drone_description/cmake/drone_descriptionConfig.cmake
[0.136s] -- Up-to-date: /home/dell/drone/install/drone_description/share/drone_description/cmake/drone_descriptionConfig-version.cmake
[0.136s] -- Up-to-date: /home/dell/drone/install/drone_description/share/drone_description/package.xml
[0.137s] Invoked command in '/home/dell/drone/build/drone_description' returned '0': CMAKE_PREFIX_PATH=${CMAKE_PREFIX_PATH}:/opt/ros/jazzy DEBUGINFOD_URLS=https://debuginfod.ubuntu.com /usr/bin/cmake --install /home/dell/drone/build/drone_description
