[0.115s] DEBUG:colcon:Command line arguments: ['/usr/bin/colcon', 'build']
[0.116s] DEBUG:colcon:Parsed command line arguments: Namespace(log_base=None, log_level=None, verb_name='build', build_base='build', install_base='install', merge_install=False, symlink_install=False, test_result_base=None, continue_on_error=False, executor='parallel', parallel_workers=16, event_handlers=None, ignore_user_meta=False, metas=['./colcon.meta'], base_paths=['.'], packages_ignore=None, packages_ignore_regex=None, paths=None, packages_up_to=None, packages_up_to_regex=None, packages_above=None, packages_above_and_dependencies=None, packages_above_depth=None, packages_select_by_dep=None, packages_skip_by_dep=None, packages_skip_up_to=None, packages_select_build_failed=False, packages_skip_build_finished=False, packages_select_test_failures=False, packages_skip_test_passed=False, packages_select=None, packages_skip=None, packages_select_regex=None, packages_skip_regex=None, packages_start=None, packages_end=None, allow_overriding=[], cmake_args=None, cmake_target=None, cmake_target_skip_unavailable=False, cmake_clean_cache=False, cmake_clean_first=False, cmake_force_configure=False, ament_cmake_args=None, catkin_cmake_args=None, catkin_skip_building_tests=False, mixin_files=None, mixin=None, verb_parser=<colcon_mixin.mixin.mixin_argument.MixinArgumentDecorator object at 0x7eb960dad520>, verb_extension=<colcon_core.verb.build.BuildVerb object at 0x7eb960dad130>, main=<bound method BuildVerb.main of <colcon_core.verb.build.BuildVerb object at 0x7eb960dad130>>, mixin_verb=('build',))
[0.152s] Level 1:colcon.colcon_core.package_discovery:discover_packages(colcon_meta) check parameters
[0.152s] Level 1:colcon.colcon_core.package_discovery:discover_packages(recursive) check parameters
[0.152s] Level 1:colcon.colcon_core.package_discovery:discover_packages(ignore) check parameters
[0.152s] Level 1:colcon.colcon_core.package_discovery:discover_packages(path) check parameters
[0.152s] Level 1:colcon.colcon_core.package_discovery:discover_packages(colcon_meta) discover
[0.153s] Level 1:colcon.colcon_core.package_discovery:discover_packages(recursive) discover
[0.153s] INFO:colcon.colcon_core.package_discovery:Crawling recursively for packages in '/home/dell/drone'
[0.153s] Level 1:colcon.colcon_core.package_identification:_identify(.) by extensions ['ignore', 'ignore_ament_install']
[0.153s] Level 1:colcon.colcon_core.package_identification:_identify(.) by extension 'ignore'
[0.153s] Level 1:colcon.colcon_core.package_identification:_identify(.) by extension 'ignore_ament_install'
[0.153s] Level 1:colcon.colcon_core.package_identification:_identify(.) by extensions ['colcon_pkg']
[0.153s] Level 1:colcon.colcon_core.package_identification:_identify(.) by extension 'colcon_pkg'
[0.153s] Level 1:colcon.colcon_core.package_identification:_identify(.) by extensions ['colcon_meta']
[0.153s] Level 1:colcon.colcon_core.package_identification:_identify(.) by extension 'colcon_meta'
[0.153s] Level 1:colcon.colcon_core.package_identification:_identify(.) by extensions ['ros']
[0.153s] Level 1:colcon.colcon_core.package_identification:_identify(.) by extension 'ros'
[0.178s] Level 1:colcon.colcon_core.package_identification:_identify(.) by extensions ['cmake', 'python']
[0.178s] Level 1:colcon.colcon_core.package_identification:_identify(.) by extension 'cmake'
[0.178s] Level 1:colcon.colcon_core.package_identification:_identify(.) by extension 'python'
[0.178s] Level 1:colcon.colcon_core.package_identification:_identify(.) by extensions ['python_setup_py']
[0.178s] Level 1:colcon.colcon_core.package_identification:_identify(.) by extension 'python_setup_py'
[0.178s] Level 1:colcon.colcon_core.package_identification:_identify(build) by extensions ['ignore', 'ignore_ament_install']
[0.178s] Level 1:colcon.colcon_core.package_identification:_identify(build) by extension 'ignore'
[0.178s] Level 1:colcon.colcon_core.package_identification:_identify(build) ignored
[0.178s] Level 1:colcon.colcon_core.package_identification:_identify(install) by extensions ['ignore', 'ignore_ament_install']
[0.179s] Level 1:colcon.colcon_core.package_identification:_identify(install) by extension 'ignore'
[0.179s] Level 1:colcon.colcon_core.package_identification:_identify(install) ignored
[0.179s] Level 1:colcon.colcon_core.package_identification:_identify(log) by extensions ['ignore', 'ignore_ament_install']
[0.179s] Level 1:colcon.colcon_core.package_identification:_identify(log) by extension 'ignore'
[0.179s] Level 1:colcon.colcon_core.package_identification:_identify(log) ignored
[0.179s] Level 1:colcon.colcon_core.package_identification:_identify(src) by extensions ['ignore', 'ignore_ament_install']
[0.179s] Level 1:colcon.colcon_core.package_identification:_identify(src) by extension 'ignore'
[0.179s] Level 1:colcon.colcon_core.package_identification:_identify(src) by extension 'ignore_ament_install'
[0.179s] Level 1:colcon.colcon_core.package_identification:_identify(src) by extensions ['colcon_pkg']
[0.179s] Level 1:colcon.colcon_core.package_identification:_identify(src) by extension 'colcon_pkg'
[0.179s] Level 1:colcon.colcon_core.package_identification:_identify(src) by extensions ['colcon_meta']
[0.179s] Level 1:colcon.colcon_core.package_identification:_identify(src) by extension 'colcon_meta'
[0.179s] Level 1:colcon.colcon_core.package_identification:_identify(src) by extensions ['ros']
[0.179s] Level 1:colcon.colcon_core.package_identification:_identify(src) by extension 'ros'
[0.180s] Level 1:colcon.colcon_core.package_identification:_identify(src) by extensions ['cmake', 'python']
[0.180s] Level 1:colcon.colcon_core.package_identification:_identify(src) by extension 'cmake'
[0.180s] Level 1:colcon.colcon_core.package_identification:_identify(src) by extension 'python'
[0.180s] Level 1:colcon.colcon_core.package_identification:_identify(src) by extensions ['python_setup_py']
[0.180s] Level 1:colcon.colcon_core.package_identification:_identify(src) by extension 'python_setup_py'
[0.180s] Level 1:colcon.colcon_core.package_identification:_identify(src/drone_description) by extensions ['ignore', 'ignore_ament_install']
[0.180s] Level 1:colcon.colcon_core.package_identification:_identify(src/drone_description) by extension 'ignore'
[0.180s] Level 1:colcon.colcon_core.package_identification:_identify(src/drone_description) by extension 'ignore_ament_install'
[0.180s] Level 1:colcon.colcon_core.package_identification:_identify(src/drone_description) by extensions ['colcon_pkg']
[0.180s] Level 1:colcon.colcon_core.package_identification:_identify(src/drone_description) by extension 'colcon_pkg'
[0.180s] Level 1:colcon.colcon_core.package_identification:_identify(src/drone_description) by extensions ['colcon_meta']
[0.180s] Level 1:colcon.colcon_core.package_identification:_identify(src/drone_description) by extension 'colcon_meta'
[0.180s] Level 1:colcon.colcon_core.package_identification:_identify(src/drone_description) by extensions ['ros']
[0.180s] Level 1:colcon.colcon_core.package_identification:_identify(src/drone_description) by extension 'ros'
[0.183s] DEBUG:colcon.colcon_core.package_identification:Package 'src/drone_description' with type 'ros.ament_cmake' and name 'drone_description'
[0.183s] Level 1:colcon.colcon_core.package_discovery:discover_packages(recursive) using defaults
[0.183s] Level 1:colcon.colcon_core.package_discovery:discover_packages(ignore) discover
[0.183s] Level 1:colcon.colcon_core.package_discovery:discover_packages(ignore) using defaults
[0.183s] Level 1:colcon.colcon_core.package_discovery:discover_packages(path) discover
[0.183s] Level 1:colcon.colcon_core.package_discovery:discover_packages(path) using defaults
[0.200s] Level 1:colcon.colcon_core.package_discovery:discover_packages(prefix_path) check parameters
[0.200s] Level 1:colcon.colcon_core.package_discovery:discover_packages(prefix_path) discover
[0.205s] DEBUG:colcon.colcon_installed_package_information.package_discovery:Found 455 installed packages in /opt/ros/jazzy
[0.208s] Level 1:colcon.colcon_core.package_discovery:discover_packages(prefix_path) using defaults
[0.278s] Level 5:colcon.colcon_core.verb:set package 'drone_description' build argument 'cmake_args' from command line to 'None'
[0.279s] Level 5:colcon.colcon_core.verb:set package 'drone_description' build argument 'cmake_target' from command line to 'None'
[0.279s] Level 5:colcon.colcon_core.verb:set package 'drone_description' build argument 'cmake_target_skip_unavailable' from command line to 'False'
[0.279s] Level 5:colcon.colcon_core.verb:set package 'drone_description' build argument 'cmake_clean_cache' from command line to 'False'
[0.279s] Level 5:colcon.colcon_core.verb:set package 'drone_description' build argument 'cmake_clean_first' from command line to 'False'
[0.279s] Level 5:colcon.colcon_core.verb:set package 'drone_description' build argument 'cmake_force_configure' from command line to 'False'
[0.279s] Level 5:colcon.colcon_core.verb:set package 'drone_description' build argument 'ament_cmake_args' from command line to 'None'
[0.279s] Level 5:colcon.colcon_core.verb:set package 'drone_description' build argument 'catkin_cmake_args' from command line to 'None'
[0.279s] Level 5:colcon.colcon_core.verb:set package 'drone_description' build argument 'catkin_skip_building_tests' from command line to 'False'
[0.279s] DEBUG:colcon.colcon_core.verb:Building package 'drone_description' with the following arguments: {'ament_cmake_args': None, 'build_base': '/home/dell/drone/build/drone_description', 'catkin_cmake_args': None, 'catkin_skip_building_tests': False, 'cmake_args': None, 'cmake_clean_cache': False, 'cmake_clean_first': False, 'cmake_force_configure': False, 'cmake_target': None, 'cmake_target_skip_unavailable': False, 'install_base': '/home/dell/drone/install/drone_description', 'merge_install': False, 'path': '/home/dell/drone/src/drone_description', 'symlink_install': False, 'test_result_base': None}
[0.279s] INFO:colcon.colcon_core.executor:Executing jobs using 'parallel' executor
[0.280s] DEBUG:colcon.colcon_parallel_executor.executor.parallel:run_until_complete
[0.280s] INFO:colcon.colcon_ros.task.ament_cmake.build:Building ROS package in '/home/dell/drone/src/drone_description' with build type 'ament_cmake'
[0.280s] INFO:colcon.colcon_cmake.task.cmake.build:Building CMake package in '/home/dell/drone/src/drone_description'
[0.281s] INFO:colcon.colcon_core.plugin_system:Skipping extension 'colcon_core.shell.bat': Not used on non-Windows systems
[0.282s] INFO:colcon.colcon_core.shell:Skip shell extension 'powershell' for command environment: Not usable outside of PowerShell
[0.282s] DEBUG:colcon.colcon_core.shell:Skip shell extension 'dsv' for command environment
[0.289s] DEBUG:colcon.colcon_core.event_handler.log_command:Invoking command in '/home/dell/drone/build/drone_description': CMAKE_PREFIX_PATH=${CMAKE_PREFIX_PATH}:/opt/ros/jazzy DEBUGINFOD_URLS=https://debuginfod.ubuntu.com /usr/bin/cmake --build /home/dell/drone/build/drone_description -- -j16 -l16
[9.501s] DEBUG:colcon.colcon_core.event_handler.log_command:Invoked command in '/home/dell/drone/build/drone_description' returned '0': CMAKE_PREFIX_PATH=${CMAKE_PREFIX_PATH}:/opt/ros/jazzy DEBUGINFOD_URLS=https://debuginfod.ubuntu.com /usr/bin/cmake --build /home/dell/drone/build/drone_description -- -j16 -l16
[9.510s] DEBUG:colcon.colcon_core.event_handler.log_command:Invoking command in '/home/dell/drone/build/drone_description': CMAKE_PREFIX_PATH=${CMAKE_PREFIX_PATH}:/opt/ros/jazzy DEBUGINFOD_URLS=https://debuginfod.ubuntu.com /usr/bin/cmake --install /home/dell/drone/build/drone_description
[9.526s] Level 1:colcon.colcon_core.environment:create_environment_scripts_only(drone_description)
[9.531s] Level 1:colcon.colcon_core.environment:checking '/home/dell/drone/install/drone_description' for CMake module files
[9.532s] DEBUG:colcon.colcon_core.event_handler.log_command:Invoked command in '/home/dell/drone/build/drone_description' returned '0': CMAKE_PREFIX_PATH=${CMAKE_PREFIX_PATH}:/opt/ros/jazzy DEBUGINFOD_URLS=https://debuginfod.ubuntu.com /usr/bin/cmake --install /home/dell/drone/build/drone_description
[9.532s] Level 1:colcon.colcon_core.environment:checking '/home/dell/drone/install/drone_description' for CMake config files
[9.533s] Level 1:colcon.colcon_core.shell:create_environment_hook('drone_description', 'cmake_prefix_path')
[9.533s] INFO:colcon.colcon_core.shell:Creating environment hook '/home/dell/drone/install/drone_description/share/drone_description/hook/cmake_prefix_path.ps1'
[9.533s] INFO:colcon.colcon_core.shell:Creating environment descriptor '/home/dell/drone/install/drone_description/share/drone_description/hook/cmake_prefix_path.dsv'
[9.534s] INFO:colcon.colcon_core.shell:Creating environment hook '/home/dell/drone/install/drone_description/share/drone_description/hook/cmake_prefix_path.sh'
[9.534s] Level 1:colcon.colcon_core.environment:checking '/home/dell/drone/install/drone_description/lib'
[9.535s] Level 1:colcon.colcon_core.environment:checking '/home/dell/drone/install/drone_description/bin'
[9.535s] Level 1:colcon.colcon_core.environment:checking '/home/dell/drone/install/drone_description/lib/pkgconfig/drone_description.pc'
[9.535s] Level 1:colcon.colcon_core.environment:checking '/home/dell/drone/install/drone_description/lib/python3.12/site-packages'
[9.535s] Level 1:colcon.colcon_core.environment:checking '/home/dell/drone/install/drone_description/bin'
[9.535s] INFO:colcon.colcon_core.shell:Creating package script '/home/dell/drone/install/drone_description/share/drone_description/package.ps1'
[9.536s] INFO:colcon.colcon_core.shell:Creating package descriptor '/home/dell/drone/install/drone_description/share/drone_description/package.dsv'
[9.536s] INFO:colcon.colcon_core.shell:Creating package script '/home/dell/drone/install/drone_description/share/drone_description/package.sh'
[9.537s] INFO:colcon.colcon_core.shell:Creating package script '/home/dell/drone/install/drone_description/share/drone_description/package.bash'
[9.537s] INFO:colcon.colcon_core.shell:Creating package script '/home/dell/drone/install/drone_description/share/drone_description/package.zsh'
[9.538s] Level 1:colcon.colcon_core.environment:create_file_with_runtime_dependencies(/home/dell/drone/install/drone_description/share/colcon-core/packages/drone_description)
[9.538s] Level 1:colcon.colcon_core.environment:create_environment_scripts_only(drone_description)
[9.539s] Level 1:colcon.colcon_core.environment:checking '/home/dell/drone/install/drone_description' for CMake module files
[9.539s] Level 1:colcon.colcon_core.environment:checking '/home/dell/drone/install/drone_description' for CMake config files
[9.539s] Level 1:colcon.colcon_core.shell:create_environment_hook('drone_description', 'cmake_prefix_path')
[9.539s] INFO:colcon.colcon_core.shell:Creating environment hook '/home/dell/drone/install/drone_description/share/drone_description/hook/cmake_prefix_path.ps1'
[9.540s] INFO:colcon.colcon_core.shell:Creating environment descriptor '/home/dell/drone/install/drone_description/share/drone_description/hook/cmake_prefix_path.dsv'
[9.540s] INFO:colcon.colcon_core.shell:Creating environment hook '/home/dell/drone/install/drone_description/share/drone_description/hook/cmake_prefix_path.sh'
[9.540s] Level 1:colcon.colcon_core.environment:checking '/home/dell/drone/install/drone_description/lib'
[9.541s] Level 1:colcon.colcon_core.environment:checking '/home/dell/drone/install/drone_description/bin'
[9.541s] Level 1:colcon.colcon_core.environment:checking '/home/dell/drone/install/drone_description/lib/pkgconfig/drone_description.pc'
[9.541s] Level 1:colcon.colcon_core.environment:checking '/home/dell/drone/install/drone_description/lib/python3.12/site-packages'
[9.541s] Level 1:colcon.colcon_core.environment:checking '/home/dell/drone/install/drone_description/bin'
[9.541s] INFO:colcon.colcon_core.shell:Creating package script '/home/dell/drone/install/drone_description/share/drone_description/package.ps1'
[9.542s] INFO:colcon.colcon_core.shell:Creating package descriptor '/home/dell/drone/install/drone_description/share/drone_description/package.dsv'
[9.542s] INFO:colcon.colcon_core.shell:Creating package script '/home/dell/drone/install/drone_description/share/drone_description/package.sh'
[9.542s] INFO:colcon.colcon_core.shell:Creating package script '/home/dell/drone/install/drone_description/share/drone_description/package.bash'
[9.543s] INFO:colcon.colcon_core.shell:Creating package script '/home/dell/drone/install/drone_description/share/drone_description/package.zsh'
[9.543s] Level 1:colcon.colcon_core.environment:create_file_with_runtime_dependencies(/home/dell/drone/install/drone_description/share/colcon-core/packages/drone_description)
[9.543s] DEBUG:colcon.colcon_parallel_executor.executor.parallel:closing loop
[9.544s] DEBUG:colcon.colcon_parallel_executor.executor.parallel:loop closed
[9.544s] DEBUG:colcon.colcon_parallel_executor.executor.parallel:run_until_complete finished with '0'
[9.544s] DEBUG:colcon.colcon_core.event_reactor:joining thread
[9.562s] INFO:colcon.colcon_core.plugin_system:Skipping extension 'colcon_notification.desktop_notification.terminal_notifier': Not used on non-Darwin systems
[9.562s] INFO:colcon.colcon_core.plugin_system:Skipping extension 'colcon_notification.desktop_notification.win32': Not used on non-Windows systems
[9.562s] INFO:colcon.colcon_notification.desktop_notification:Sending desktop notification using 'notify2'
[9.574s] DEBUG:colcon.colcon_core.event_reactor:joined thread
[9.575s] INFO:colcon.colcon_core.shell:Creating prefix script '/home/dell/drone/install/local_setup.ps1'
[9.575s] INFO:colcon.colcon_core.shell:Creating prefix util module '/home/dell/drone/install/_local_setup_util_ps1.py'
[9.576s] INFO:colcon.colcon_core.shell:Creating prefix chain script '/home/dell/drone/install/setup.ps1'
[9.577s] INFO:colcon.colcon_core.shell:Creating prefix script '/home/dell/drone/install/local_setup.sh'
[9.578s] INFO:colcon.colcon_core.shell:Creating prefix util module '/home/dell/drone/install/_local_setup_util_sh.py'
[9.578s] INFO:colcon.colcon_core.shell:Creating prefix chain script '/home/dell/drone/install/setup.sh'
[9.579s] INFO:colcon.colcon_core.shell:Creating prefix script '/home/dell/drone/install/local_setup.bash'
[9.579s] INFO:colcon.colcon_core.shell:Creating prefix chain script '/home/dell/drone/install/setup.bash'
[9.580s] INFO:colcon.colcon_core.shell:Creating prefix script '/home/dell/drone/install/local_setup.zsh'
[9.581s] INFO:colcon.colcon_core.shell:Creating prefix chain script '/home/dell/drone/install/setup.zsh'
