[0.012s] Invoking command in '/home/dell/drone/build/drone_description': CMAKE_PREFIX_PATH=${CMAKE_PREFIX_PATH}:/opt/ros/jazzy DEBUGINFOD_URLS=https://debuginfod.ubuntu.com /usr/bin/cmake --build /home/dell/drone/build/drone_description -- -j16 -l16
[0.078s] [ 50%] [32mBuilding CXX object CMakeFiles/waypoint_controller.dir/src/waypoint_controller.cpp.o[0m
[12.762s] [100%] [32m[1mLinking CXX executable waypoint_controller[0m
[13.314s] [100%] Built target waypoint_controller
[13.326s] Invoked command in '/home/dell/drone/build/drone_description' returned '0': CMAKE_PREFIX_PATH=${CMAKE_PREFIX_PATH}:/opt/ros/jazzy DEBUGINFOD_URLS=https://debuginfod.ubuntu.com /usr/bin/cmake --build /home/dell/drone/build/drone_description -- -j16 -l16
[13.337s] Invoking command in '/home/dell/drone/build/drone_description': CMAKE_PREFIX_PATH=${CMAKE_PREFIX_PATH}:/opt/ros/jazzy DEBUGINFOD_URLS=https://debuginfod.ubuntu.com /usr/bin/cmake --install /home/dell/drone/build/drone_description
[13.346s] -- Install configuration: ""
[13.346s] -- Installing: /home/dell/drone/install/drone_description/lib/drone_description/waypoint_controller
[13.353s] -- Set non-toolchain portion of runtime path of "/home/dell/drone/install/drone_description/lib/drone_description/waypoint_controller" to ""
[13.353s] -- Up-to-date: /home/dell/drone/install/drone_description/share/drone_description/models
[13.353s] -- Up-to-date: /home/dell/drone/install/drone_description/share/drone_description/models/barcs_qav500_sensor_config_1
[13.353s] -- Up-to-date: /home/dell/drone/install/drone_description/share/drone_description/models/barcs_qav500_sensor_config_1/metadata.pbtxt
[13.353s] -- Up-to-date: /home/dell/drone/install/drone_description/share/drone_description/models/barcs_qav500_sensor_config_1/materials
[13.353s] -- Up-to-date: /home/dell/drone/install/drone_description/share/drone_description/models/barcs_qav500_sensor_config_1/materials/textures
[13.353s] -- Up-to-date: /home/dell/drone/install/drone_description/share/drone_description/models/barcs_qav500_sensor_config_1/materials/textures/led.png
[13.354s] -- Up-to-date: /home/dell/drone/install/drone_description/share/drone_description/models/barcs_qav500_sensor_config_1/materials/textures/spotlight.png
[13.354s] -- Up-to-date: /home/dell/drone/install/drone_description/share/drone_description/models/barcs_qav500_sensor_config_1/materials/textures/vi_camera.png
[13.354s] -- Up-to-date: /home/dell/drone/install/drone_description/share/drone_description/models/barcs_qav500_sensor_config_1/materials/textures/x4.png
[13.354s] -- Up-to-date: /home/dell/drone/install/drone_description/share/drone_description/models/barcs_qav500_sensor_config_1/materials/textures/vi_sensor.png
[13.354s] -- Up-to-date: /home/dell/drone/install/drone_description/share/drone_description/models/barcs_qav500_sensor_config_1/thumbnails
[13.354s] -- Up-to-date: /home/dell/drone/install/drone_description/share/drone_description/models/barcs_qav500_sensor_config_1/thumbnails/1.png
[13.354s] -- Up-to-date: /home/dell/drone/install/drone_description/share/drone_description/models/barcs_qav500_sensor_config_1/thumbnails/4.png
[13.354s] -- Up-to-date: /home/dell/drone/install/drone_description/share/drone_description/models/barcs_qav500_sensor_config_1/thumbnails/2.png
[13.354s] -- Up-to-date: /home/dell/drone/install/drone_description/share/drone_description/models/barcs_qav500_sensor_config_1/thumbnails/3.png
[13.355s] -- Up-to-date: /home/dell/drone/install/drone_description/share/drone_description/models/barcs_qav500_sensor_config_1/model.sdf
[13.355s] -- Up-to-date: /home/dell/drone/install/drone_description/share/drone_description/models/barcs_qav500_sensor_config_1/meshes
[13.355s] -- Up-to-date: /home/dell/drone/install/drone_description/share/drone_description/models/barcs_qav500_sensor_config_1/meshes/qav500.stl
[13.355s] -- Up-to-date: /home/dell/drone/install/drone_description/share/drone_description/models/barcs_qav500_sensor_config_1/meshes/spotlight.dae
[13.355s] -- Up-to-date: /home/dell/drone/install/drone_description/share/drone_description/models/barcs_qav500_sensor_config_1/meshes/propeller_cw.dae
[13.355s] -- Up-to-date: /home/dell/drone/install/drone_description/share/drone_description/models/barcs_qav500_sensor_config_1/meshes/led.dae
[13.355s] -- Up-to-date: /home/dell/drone/install/drone_description/share/drone_description/models/barcs_qav500_sensor_config_1/meshes/vi_sensor.dae
[13.355s] -- Up-to-date: /home/dell/drone/install/drone_description/share/drone_description/models/barcs_qav500_sensor_config_1/meshes/x4.dae
[13.355s] -- Up-to-date: /home/dell/drone/install/drone_description/share/drone_description/models/barcs_qav500_sensor_config_1/meshes/led_lamp.dae
[13.355s] -- Up-to-date: /home/dell/drone/install/drone_description/share/drone_description/models/barcs_qav500_sensor_config_1/meshes/vi_camera.dae
[13.356s] -- Up-to-date: /home/dell/drone/install/drone_description/share/drone_description/models/barcs_qav500_sensor_config_1/meshes/neo11_propeller_cw.dae
[13.356s] -- Up-to-date: /home/dell/drone/install/drone_description/share/drone_description/models/barcs_qav500_sensor_config_1/meshes/qav500.dae
[13.356s] -- Up-to-date: /home/dell/drone/install/drone_description/share/drone_description/models/barcs_qav500_sensor_config_1/meshes/pelican.dae
[13.357s] -- Up-to-date: /home/dell/drone/install/drone_description/share/drone_description/models/barcs_qav500_sensor_config_1/meshes/neo11_propeller_ccw.dae
[13.357s] -- Up-to-date: /home/dell/drone/install/drone_description/share/drone_description/models/barcs_qav500_sensor_config_1/meshes/propeller_ccw.dae
[13.357s] -- Up-to-date: /home/dell/drone/install/drone_description/share/drone_description/models/barcs_qav500_sensor_config_1/model.config
[13.357s] -- Up-to-date: /home/dell/drone/install/drone_description/share/drone_description/worlds
[13.357s] -- Up-to-date: /home/dell/drone/install/drone_description/share/drone_description/worlds/test_world.sdf
[13.358s] -- Installing: /home/dell/drone/install/drone_description/share/drone_description/worlds/drone_world.sdf
[13.358s] -- Up-to-date: /home/dell/drone/install/drone_description/share/drone_description/launch
[13.358s] -- Up-to-date: /home/dell/drone/install/drone_description/share/drone_description/launch/gz.launch.py
[13.358s] -- Up-to-date: /home/dell/drone/install/drone_description/share/drone_description/config
[13.358s] -- Installing: /home/dell/drone/install/drone_description/share/drone_description/config/bridge.yaml
[13.358s] -- Up-to-date: /home/dell/drone/install/drone_description/share/ament_index/resource_index/package_run_dependencies/drone_description
[13.359s] -- Up-to-date: /home/dell/drone/install/drone_description/share/ament_index/resource_index/parent_prefix_path/drone_description
[13.359s] -- Up-to-date: /home/dell/drone/install/drone_description/share/drone_description/environment/ament_prefix_path.sh
[13.359s] -- Up-to-date: /home/dell/drone/install/drone_description/share/drone_description/environment/ament_prefix_path.dsv
[13.359s] -- Up-to-date: /home/dell/drone/install/drone_description/share/drone_description/environment/path.sh
[13.359s] -- Up-to-date: /home/dell/drone/install/drone_description/share/drone_description/environment/path.dsv
[13.359s] -- Up-to-date: /home/dell/drone/install/drone_description/share/drone_description/local_setup.bash
[13.359s] -- Up-to-date: /home/dell/drone/install/drone_description/share/drone_description/local_setup.sh
[13.359s] -- Up-to-date: /home/dell/drone/install/drone_description/share/drone_description/local_setup.zsh
[13.359s] -- Up-to-date: /home/dell/drone/install/drone_description/share/drone_description/local_setup.dsv
[13.359s] -- Installing: /home/dell/drone/install/drone_description/share/drone_description/package.dsv
[13.360s] -- Up-to-date: /home/dell/drone/install/drone_description/share/ament_index/resource_index/packages/drone_description
[13.360s] -- Up-to-date: /home/dell/drone/install/drone_description/share/drone_description/cmake/drone_descriptionConfig.cmake
[13.360s] -- Up-to-date: /home/dell/drone/install/drone_description/share/drone_description/cmake/drone_descriptionConfig-version.cmake
[13.360s] -- Up-to-date: /home/dell/drone/install/drone_description/share/drone_description/package.xml
[13.360s] Invoked command in '/home/dell/drone/build/drone_description' returned '0': CMAKE_PREFIX_PATH=${CMAKE_PREFIX_PATH}:/opt/ros/jazzy DEBUGINFOD_URLS=https://debuginfod.ubuntu.com /usr/bin/cmake --install /home/dell/drone/build/drone_description
