[0.009s] Invoking command in '/home/dell/drone/build/drone_description': CMAKE_PREFIX_PATH=${CMAKE_PREFIX_PATH}:/opt/ros/jazzy DEBUGINFOD_URLS=https://debuginfod.ubuntu.com /usr/bin/cmake --build /home/dell/drone/build/drone_description -- -j16 -l16
[0.029s] -- Found ament_cmake: 2.5.4 (/opt/ros/jazzy/share/ament_cmake/cmake)
[0.209s] -- Found rclcpp: 28.1.9 (/opt/ros/jazzy/share/rclcpp/cmake)
[0.234s] -- Found rosidl_generator_c: 4.6.5 (/opt/ros/jazzy/share/rosidl_generator_c/cmake)
[0.242s] -- Found rosidl_generator_cpp: 4.6.5 (/opt/ros/jazzy/share/rosidl_generator_cpp/cmake)
[0.253s] -- Using all available rosidl_typesupport_c: rosidl_typesupport_fastrtps_c;rosidl_typesupport_introspection_c
[0.266s] -- Using all available rosidl_typesupport_cpp: rosidl_typesupport_fastrtps_cpp;rosidl_typesupport_introspection_cpp
[0.326s] -- Found rmw_implementation_cmake: 7.3.2 (/opt/ros/jazzy/share/rmw_implementation_cmake/cmake)
[0.327s] -- Found rmw_fastrtps_cpp: 8.4.2 (/opt/ros/jazzy/share/rmw_fastrtps_cpp/cmake)
[0.380s] -- Using RMW implementation 'rmw_fastrtps_cpp' as default
[0.443s] -- Found geometry_msgs: 5.3.6 (/opt/ros/jazzy/share/geometry_msgs/cmake)
[0.489s] -- Found nav_msgs: 5.3.6 (/opt/ros/jazzy/share/nav_msgs/cmake)
[0.526s] -- Found ament_lint_auto: 0.17.2 (/opt/ros/jazzy/share/ament_lint_auto/cmake)
[0.608s] -- Added test 'cppcheck' to perform static code analysis on C / C++ code
[0.608s] -- Configured cppcheck include dirs: 
[0.608s] -- Configured cppcheck exclude dirs and/or files: 
[0.608s] -- Added test 'flake8' to check Python code syntax and style conventions
[0.608s] -- Configured 'flake8' exclude dirs and/or files: 
[0.609s] -- Added test 'lint_cmake' to check CMake code style
[0.609s] -- Added test 'pep257' to check Python code against some of the docstring style conventions in PEP 257
[0.611s] -- Added test 'uncrustify' to check C / C++ code style
[0.611s] -- Configured uncrustify additional arguments: 
[0.611s] -- Added test 'xmllint' to check XML markup files
[0.612s] -- Configuring done (0.6s)
[0.620s] -- Generating done (0.0s)
[0.624s] -- Build files have been written to: /home/dell/drone/build/drone_description
[0.658s] [ 50%] [32mBuilding CXX object CMakeFiles/waypoint_controller.dir/src/waypoint_controller.cpp.o[0m
[2.533s] [01m[K/home/dell/drone/src/drone_description/src/waypoint_controller.cpp:[m[K In member function ‘[01m[Kvoid WaypointController::[01;32m[Kcontrol_loop[m[K()[m[K’:
[2.533s] [01m[K/home/dell/drone/src/drone_description/src/waypoint_controller.cpp:100:12:[m[K [01;35m[Kwarning: [m[Kunused variable ‘[01m[Kvertical_distance[m[K’ [[01;35m[K]8;;https://gcc.gnu.org/onlinedocs/gcc/Warning-Options.html#index-Wunused-variable-Wunused-variable]8;;[m[K]
[2.534s]   100 |     double [01;35m[Kvertical_distance[m[K = std::abs(dz);
[2.534s]       |            [01;35m[K^~~~~~~~~~~~~~~~~[m[K
[9.457s] [100%] [32m[1mLinking CXX executable waypoint_controller[0m
[9.747s] [100%] Built target waypoint_controller
[9.756s] Invoked command in '/home/dell/drone/build/drone_description' returned '0': CMAKE_PREFIX_PATH=${CMAKE_PREFIX_PATH}:/opt/ros/jazzy DEBUGINFOD_URLS=https://debuginfod.ubuntu.com /usr/bin/cmake --build /home/dell/drone/build/drone_description -- -j16 -l16
[9.763s] Invoking command in '/home/dell/drone/build/drone_description': CMAKE_PREFIX_PATH=${CMAKE_PREFIX_PATH}:/opt/ros/jazzy DEBUGINFOD_URLS=https://debuginfod.ubuntu.com /usr/bin/cmake --install /home/dell/drone/build/drone_description
[9.769s] -- Install configuration: ""
[9.769s] -- Installing: /home/dell/drone/install/drone_description/lib/drone_description/waypoint_controller
[9.775s] -- Set non-toolchain portion of runtime path of "/home/dell/drone/install/drone_description/lib/drone_description/waypoint_controller" to ""
[9.775s] -- Up-to-date: /home/dell/drone/install/drone_description/share/drone_description/models
[9.775s] -- Up-to-date: /home/dell/drone/install/drone_description/share/drone_description/models/barcs_qav500_sensor_config_1
[9.776s] -- Up-to-date: /home/dell/drone/install/drone_description/share/drone_description/models/barcs_qav500_sensor_config_1/metadata.pbtxt
[9.776s] -- Up-to-date: /home/dell/drone/install/drone_description/share/drone_description/models/barcs_qav500_sensor_config_1/materials
[9.776s] -- Up-to-date: /home/dell/drone/install/drone_description/share/drone_description/models/barcs_qav500_sensor_config_1/materials/textures
[9.776s] -- Up-to-date: /home/dell/drone/install/drone_description/share/drone_description/models/barcs_qav500_sensor_config_1/materials/textures/led.png
[9.776s] -- Up-to-date: /home/dell/drone/install/drone_description/share/drone_description/models/barcs_qav500_sensor_config_1/materials/textures/spotlight.png
[9.776s] -- Up-to-date: /home/dell/drone/install/drone_description/share/drone_description/models/barcs_qav500_sensor_config_1/materials/textures/vi_camera.png
[9.776s] -- Up-to-date: /home/dell/drone/install/drone_description/share/drone_description/models/barcs_qav500_sensor_config_1/materials/textures/x4.png
[9.776s] -- Up-to-date: /home/dell/drone/install/drone_description/share/drone_description/models/barcs_qav500_sensor_config_1/materials/textures/vi_sensor.png
[9.776s] -- Up-to-date: /home/dell/drone/install/drone_description/share/drone_description/models/barcs_qav500_sensor_config_1/thumbnails
[9.776s] -- Up-to-date: /home/dell/drone/install/drone_description/share/drone_description/models/barcs_qav500_sensor_config_1/thumbnails/1.png
[9.776s] -- Up-to-date: /home/dell/drone/install/drone_description/share/drone_description/models/barcs_qav500_sensor_config_1/thumbnails/4.png
[9.776s] -- Up-to-date: /home/dell/drone/install/drone_description/share/drone_description/models/barcs_qav500_sensor_config_1/thumbnails/2.png
[9.777s] -- Up-to-date: /home/dell/drone/install/drone_description/share/drone_description/models/barcs_qav500_sensor_config_1/thumbnails/3.png
[9.777s] -- Up-to-date: /home/dell/drone/install/drone_description/share/drone_description/models/barcs_qav500_sensor_config_1/model.sdf
[9.777s] -- Up-to-date: /home/dell/drone/install/drone_description/share/drone_description/models/barcs_qav500_sensor_config_1/meshes
[9.777s] -- Up-to-date: /home/dell/drone/install/drone_description/share/drone_description/models/barcs_qav500_sensor_config_1/meshes/qav500.stl
[9.777s] -- Up-to-date: /home/dell/drone/install/drone_description/share/drone_description/models/barcs_qav500_sensor_config_1/meshes/spotlight.dae
[9.777s] -- Up-to-date: /home/dell/drone/install/drone_description/share/drone_description/models/barcs_qav500_sensor_config_1/meshes/propeller_cw.dae
[9.777s] -- Up-to-date: /home/dell/drone/install/drone_description/share/drone_description/models/barcs_qav500_sensor_config_1/meshes/led.dae
[9.777s] -- Up-to-date: /home/dell/drone/install/drone_description/share/drone_description/models/barcs_qav500_sensor_config_1/meshes/vi_sensor.dae
[9.777s] -- Up-to-date: /home/dell/drone/install/drone_description/share/drone_description/models/barcs_qav500_sensor_config_1/meshes/x4.dae
[9.777s] -- Up-to-date: /home/dell/drone/install/drone_description/share/drone_description/models/barcs_qav500_sensor_config_1/meshes/led_lamp.dae
[9.777s] -- Up-to-date: /home/dell/drone/install/drone_description/share/drone_description/models/barcs_qav500_sensor_config_1/meshes/vi_camera.dae
[9.777s] -- Up-to-date: /home/dell/drone/install/drone_description/share/drone_description/models/barcs_qav500_sensor_config_1/meshes/neo11_propeller_cw.dae
[9.777s] -- Up-to-date: /home/dell/drone/install/drone_description/share/drone_description/models/barcs_qav500_sensor_config_1/meshes/qav500.dae
[9.777s] -- Up-to-date: /home/dell/drone/install/drone_description/share/drone_description/models/barcs_qav500_sensor_config_1/meshes/pelican.dae
[9.777s] -- Up-to-date: /home/dell/drone/install/drone_description/share/drone_description/models/barcs_qav500_sensor_config_1/meshes/neo11_propeller_ccw.dae
[9.777s] -- Up-to-date: /home/dell/drone/install/drone_description/share/drone_description/models/barcs_qav500_sensor_config_1/meshes/propeller_ccw.dae
[9.777s] -- Up-to-date: /home/dell/drone/install/drone_description/share/drone_description/models/barcs_qav500_sensor_config_1/model.config
[9.778s] -- Up-to-date: /home/dell/drone/install/drone_description/share/drone_description/worlds
[9.778s] -- Up-to-date: /home/dell/drone/install/drone_description/share/drone_description/worlds/test_world.sdf
[9.778s] -- Installing: /home/dell/drone/install/drone_description/share/drone_description/worlds/drone_world.sdf
[9.778s] -- Up-to-date: /home/dell/drone/install/drone_description/share/drone_description/launch
[9.778s] -- Installing: /home/dell/drone/install/drone_description/share/drone_description/launch/gz.launch.py
[9.778s] -- Installing: /home/dell/drone/install/drone_description/share/drone_description/config
[9.778s] -- Installing: /home/dell/drone/install/drone_description/share/drone_description/config/bridge.yaml
[9.778s] -- Installing: /home/dell/drone/install/drone_description/share/ament_index/resource_index/package_run_dependencies/drone_description
[9.778s] -- Installing: /home/dell/drone/install/drone_description/share/ament_index/resource_index/parent_prefix_path/drone_description
[9.778s] -- Up-to-date: /home/dell/drone/install/drone_description/share/drone_description/environment/ament_prefix_path.sh
[9.778s] -- Up-to-date: /home/dell/drone/install/drone_description/share/drone_description/environment/ament_prefix_path.dsv
[9.778s] -- Up-to-date: /home/dell/drone/install/drone_description/share/drone_description/environment/path.sh
[9.778s] -- Up-to-date: /home/dell/drone/install/drone_description/share/drone_description/environment/path.dsv
[9.779s] -- Up-to-date: /home/dell/drone/install/drone_description/share/drone_description/local_setup.bash
[9.779s] -- Up-to-date: /home/dell/drone/install/drone_description/share/drone_description/local_setup.sh
[9.779s] -- Up-to-date: /home/dell/drone/install/drone_description/share/drone_description/local_setup.zsh
[9.779s] -- Up-to-date: /home/dell/drone/install/drone_description/share/drone_description/local_setup.dsv
[9.779s] -- Installing: /home/dell/drone/install/drone_description/share/drone_description/package.dsv
[9.779s] -- Up-to-date: /home/dell/drone/install/drone_description/share/ament_index/resource_index/packages/drone_description
[9.779s] -- Up-to-date: /home/dell/drone/install/drone_description/share/drone_description/cmake/drone_descriptionConfig.cmake
[9.779s] -- Up-to-date: /home/dell/drone/install/drone_description/share/drone_description/cmake/drone_descriptionConfig-version.cmake
[9.779s] -- Installing: /home/dell/drone/install/drone_description/share/drone_description/package.xml
[9.780s] Invoked command in '/home/dell/drone/build/drone_description' returned '0': CMAKE_PREFIX_PATH=${CMAKE_PREFIX_PATH}:/opt/ros/jazzy DEBUGINFOD_URLS=https://debuginfod.ubuntu.com /usr/bin/cmake --install /home/dell/drone/build/drone_description
