[0.009s] Invoking command in '/home/dell/drone/build/drone_description': CMAKE_PREFIX_PATH=${CMAKE_PREFIX_PATH}:/opt/ros/jazzy DEBUGINFOD_URLS=https://debuginfod.ubuntu.com /usr/bin/cmake --build /home/dell/drone/build/drone_description -- -j16 -l16
[0.030s] -- Found ament_cmake: 2.5.4 (/opt/ros/jazzy/share/ament_cmake/cmake)
[0.207s] -- Found rclcpp: 28.1.9 (/opt/ros/jazzy/share/rclcpp/cmake)
[0.231s] -- Found rosidl_generator_c: 4.6.5 (/opt/ros/jazzy/share/rosidl_generator_c/cmake)
[0.239s] -- Found rosidl_generator_cpp: 4.6.5 (/opt/ros/jazzy/share/rosidl_generator_cpp/cmake)
[0.250s] -- Using all available rosidl_typesupport_c: rosidl_typesupport_fastrtps_c;rosidl_typesupport_introspection_c
[0.263s] -- Using all available rosidl_typesupport_cpp: rosidl_typesupport_fastrtps_cpp;rosidl_typesupport_introspection_cpp
[0.325s] -- Found rmw_implementation_cmake: 7.3.2 (/opt/ros/jazzy/share/rmw_implementation_cmake/cmake)
[0.326s] -- Found rmw_fastrtps_cpp: 8.4.2 (/opt/ros/jazzy/share/rmw_fastrtps_cpp/cmake)
[0.383s] -- Using RMW implementation 'rmw_fastrtps_cpp' as default
[0.448s] -- Found geometry_msgs: 5.3.6 (/opt/ros/jazzy/share/geometry_msgs/cmake)
[0.479s] -- Found nav_msgs: 5.3.6 (/opt/ros/jazzy/share/nav_msgs/cmake)
[0.513s] -- Found tf2: 0.36.11 (/opt/ros/jazzy/share/tf2/cmake)
[0.528s] [31mCMake Error at CMakeLists.txt:14 (find_package):
[0.528s]   By not providing "Findtf2_geometry_msgs2.cmake" in CMAKE_MODULE_PATH this
[0.528s]   project has asked CMake to find a package configuration file provided by
[0.528s]   "tf2_geometry_msgs2", but CMake did not find one.
[0.528s] 
[0.528s]   Could not find a package configuration file provided by
[0.528s]   "tf2_geometry_msgs2" with any of the following names:
[0.529s] 
[0.529s]     tf2_geometry_msgs2Config.cmake
[0.529s]     tf2_geometry_msgs2-config.cmake
[0.529s] 
[0.529s]   Add the installation prefix of "tf2_geometry_msgs2" to CMAKE_PREFIX_PATH or
[0.529s]   set "tf2_geometry_msgs2_DIR" to a directory containing one of the above
[0.529s]   files.  If "tf2_geometry_msgs2" provides a separate development package or
[0.529s]   SDK, be sure it has been installed.
[0.529s] 
[0.529s] [0m
[0.529s] -- Configuring incomplete, errors occurred!
[0.534s] gmake: *** [Makefile:267: cmake_check_build_system] Error 1
[0.536s] Invoked command in '/home/dell/drone/build/drone_description' returned '2': CMAKE_PREFIX_PATH=${CMAKE_PREFIX_PATH}:/opt/ros/jazzy DEBUGINFOD_URLS=https://debuginfod.ubuntu.com /usr/bin/cmake --build /home/dell/drone/build/drone_description -- -j16 -l16
