[0.008s] Invoking command in '/home/dell/drone/build/drone_description': CMAKE_PREFIX_PATH=${CMAKE_PREFIX_PATH}:/opt/ros/jazzy DEBUGINFOD_URLS=https://debuginfod.ubuntu.com /usr/bin/cmake --build /home/dell/drone/build/drone_description -- -j16 -l16
[0.029s] -- Found ament_cmake: 2.5.4 (/opt/ros/jazzy/share/ament_cmake/cmake)
[0.215s] -- Found rclcpp: 28.1.9 (/opt/ros/jazzy/share/rclcpp/cmake)
[0.243s] -- Found rosidl_generator_c: 4.6.5 (/opt/ros/jazzy/share/rosidl_generator_c/cmake)
[0.254s] -- Found rosidl_generator_cpp: 4.6.5 (/opt/ros/jazzy/share/rosidl_generator_cpp/cmake)
[0.266s] -- Using all available rosidl_typesupport_c: rosidl_typesupport_fastrtps_c;rosidl_typesupport_introspection_c
[0.281s] -- Using all available rosidl_typesupport_cpp: rosidl_typesupport_fastrtps_cpp;rosidl_typesupport_introspection_cpp
[0.346s] -- Found rmw_implementation_cmake: 7.3.2 (/opt/ros/jazzy/share/rmw_implementation_cmake/cmake)
[0.347s] -- Found rmw_fastrtps_cpp: 8.4.2 (/opt/ros/jazzy/share/rmw_fastrtps_cpp/cmake)
[0.409s] -- Using RMW implementation 'rmw_fastrtps_cpp' as default
[0.493s] -- Found geometry_msgs: 5.3.6 (/opt/ros/jazzy/share/geometry_msgs/cmake)
[0.533s] -- Found ament_lint_auto: 0.17.2 (/opt/ros/jazzy/share/ament_lint_auto/cmake)
[0.617s] -- Added test 'cppcheck' to perform static code analysis on C / C++ code
[0.617s] -- Configured cppcheck include dirs: 
[0.617s] -- Configured cppcheck exclude dirs and/or files: 
[0.618s] -- Added test 'flake8' to check Python code syntax and style conventions
[0.618s] -- Configured 'flake8' exclude dirs and/or files: 
[0.620s] -- Added test 'lint_cmake' to check CMake code style
[0.620s] -- Added test 'pep257' to check Python code against some of the docstring style conventions in PEP 257
[0.622s] -- Added test 'uncrustify' to check C / C++ code style
[0.622s] -- Configured uncrustify additional arguments: 
[0.623s] -- Added test 'xmllint' to check XML markup files
[0.624s] -- Configuring done (0.6s)
[0.638s] -- Generating done (0.0s)
[0.644s] -- Build files have been written to: /home/dell/drone/build/drone_description
[0.680s] [100%] Built target waypoint_controller
[0.688s] Invoked command in '/home/dell/drone/build/drone_description' returned '0': CMAKE_PREFIX_PATH=${CMAKE_PREFIX_PATH}:/opt/ros/jazzy DEBUGINFOD_URLS=https://debuginfod.ubuntu.com /usr/bin/cmake --build /home/dell/drone/build/drone_description -- -j16 -l16
[0.696s] Invoking command in '/home/dell/drone/build/drone_description': CMAKE_PREFIX_PATH=${CMAKE_PREFIX_PATH}:/opt/ros/jazzy DEBUGINFOD_URLS=https://debuginfod.ubuntu.com /usr/bin/cmake --install /home/dell/drone/build/drone_description
[0.702s] -- Install configuration: ""
[0.702s] -- Up-to-date: /home/dell/drone/install/drone_description/lib/drone_description/waypoint_controller
[0.702s] -- Installing: /home/dell/drone/install/drone_description/share/drone_description/models
[0.702s] -- Installing: /home/dell/drone/install/drone_description/share/drone_description/models/barcs_qav500_sensor_config_1
[0.702s] -- Installing: /home/dell/drone/install/drone_description/share/drone_description/models/barcs_qav500_sensor_config_1/metadata.pbtxt
[0.703s] -- Installing: /home/dell/drone/install/drone_description/share/drone_description/models/barcs_qav500_sensor_config_1/materials
[0.703s] -- Installing: /home/dell/drone/install/drone_description/share/drone_description/models/barcs_qav500_sensor_config_1/materials/textures
[0.703s] -- Installing: /home/dell/drone/install/drone_description/share/drone_description/models/barcs_qav500_sensor_config_1/materials/textures/led.png
[0.703s] -- Installing: /home/dell/drone/install/drone_description/share/drone_description/models/barcs_qav500_sensor_config_1/materials/textures/spotlight.png
[0.704s] -- Installing: /home/dell/drone/install/drone_description/share/drone_description/models/barcs_qav500_sensor_config_1/materials/textures/vi_camera.png
[0.704s] -- Installing: /home/dell/drone/install/drone_description/share/drone_description/models/barcs_qav500_sensor_config_1/materials/textures/x4.png
[0.705s] -- Installing: /home/dell/drone/install/drone_description/share/drone_description/models/barcs_qav500_sensor_config_1/materials/textures/vi_sensor.png
[0.706s] -- Installing: /home/dell/drone/install/drone_description/share/drone_description/models/barcs_qav500_sensor_config_1/thumbnails
[0.706s] -- Installing: /home/dell/drone/install/drone_description/share/drone_description/models/barcs_qav500_sensor_config_1/thumbnails/1.png
[0.706s] -- Installing: /home/dell/drone/install/drone_description/share/drone_description/models/barcs_qav500_sensor_config_1/thumbnails/4.png
[0.706s] -- Installing: /home/dell/drone/install/drone_description/share/drone_description/models/barcs_qav500_sensor_config_1/thumbnails/2.png
[0.706s] -- Installing: /home/dell/drone/install/drone_description/share/drone_description/models/barcs_qav500_sensor_config_1/thumbnails/3.png
[0.706s] -- Installing: /home/dell/drone/install/drone_description/share/drone_description/models/barcs_qav500_sensor_config_1/model.sdf
[0.706s] -- Installing: /home/dell/drone/install/drone_description/share/drone_description/models/barcs_qav500_sensor_config_1/meshes
[0.706s] -- Installing: /home/dell/drone/install/drone_description/share/drone_description/models/barcs_qav500_sensor_config_1/meshes/qav500.stl
[0.715s] -- Installing: /home/dell/drone/install/drone_description/share/drone_description/models/barcs_qav500_sensor_config_1/meshes/spotlight.dae
[0.715s] -- Installing: /home/dell/drone/install/drone_description/share/drone_description/models/barcs_qav500_sensor_config_1/meshes/propeller_cw.dae
[0.715s] -- Installing: /home/dell/drone/install/drone_description/share/drone_description/models/barcs_qav500_sensor_config_1/meshes/led.dae
[0.715s] -- Installing: /home/dell/drone/install/drone_description/share/drone_description/models/barcs_qav500_sensor_config_1/meshes/vi_sensor.dae
[0.731s] -- Installing: /home/dell/drone/install/drone_description/share/drone_description/models/barcs_qav500_sensor_config_1/meshes/x4.dae
[0.732s] -- Installing: /home/dell/drone/install/drone_description/share/drone_description/models/barcs_qav500_sensor_config_1/meshes/led_lamp.dae
[0.732s] -- Installing: /home/dell/drone/install/drone_description/share/drone_description/models/barcs_qav500_sensor_config_1/meshes/vi_camera.dae
[0.732s] -- Installing: /home/dell/drone/install/drone_description/share/drone_description/models/barcs_qav500_sensor_config_1/meshes/neo11_propeller_cw.dae
[0.733s] -- Installing: /home/dell/drone/install/drone_description/share/drone_description/models/barcs_qav500_sensor_config_1/meshes/qav500.dae
[0.738s] -- Installing: /home/dell/drone/install/drone_description/share/drone_description/models/barcs_qav500_sensor_config_1/meshes/pelican.dae
[0.740s] -- Installing: /home/dell/drone/install/drone_description/share/drone_description/models/barcs_qav500_sensor_config_1/meshes/neo11_propeller_ccw.dae
[0.740s] -- Installing: /home/dell/drone/install/drone_description/share/drone_description/models/barcs_qav500_sensor_config_1/meshes/propeller_ccw.dae
[0.741s] -- Installing: /home/dell/drone/install/drone_description/share/drone_description/models/barcs_qav500_sensor_config_1/model.config
[0.741s] -- Installing: /home/dell/drone/install/drone_description/share/drone_description/worlds
[0.741s] -- Installing: /home/dell/drone/install/drone_description/share/drone_description/worlds/test_world.sdf
[0.741s] -- Installing: /home/dell/drone/install/drone_description/share/drone_description/worlds/drone_world.sdf
[0.741s] -- Installing: /home/dell/drone/install/drone_description/share/drone_description/launch
[0.741s] -- Installing: /home/dell/drone/install/drone_description/share/drone_description/launch/gz.launch.py
[0.741s] -- Up-to-date: /home/dell/drone/install/drone_description/share/ament_index/resource_index/package_run_dependencies/drone_description
[0.741s] -- Up-to-date: /home/dell/drone/install/drone_description/share/ament_index/resource_index/parent_prefix_path/drone_description
[0.741s] -- Up-to-date: /home/dell/drone/install/drone_description/share/drone_description/environment/ament_prefix_path.sh
[0.741s] -- Up-to-date: /home/dell/drone/install/drone_description/share/drone_description/environment/ament_prefix_path.dsv
[0.741s] -- Up-to-date: /home/dell/drone/install/drone_description/share/drone_description/environment/path.sh
[0.742s] -- Up-to-date: /home/dell/drone/install/drone_description/share/drone_description/environment/path.dsv
[0.742s] -- Up-to-date: /home/dell/drone/install/drone_description/share/drone_description/local_setup.bash
[0.742s] -- Up-to-date: /home/dell/drone/install/drone_description/share/drone_description/local_setup.sh
[0.742s] -- Up-to-date: /home/dell/drone/install/drone_description/share/drone_description/local_setup.zsh
[0.742s] -- Up-to-date: /home/dell/drone/install/drone_description/share/drone_description/local_setup.dsv
[0.742s] -- Installing: /home/dell/drone/install/drone_description/share/drone_description/package.dsv
[0.742s] -- Up-to-date: /home/dell/drone/install/drone_description/share/ament_index/resource_index/packages/drone_description
[0.742s] -- Up-to-date: /home/dell/drone/install/drone_description/share/drone_description/cmake/drone_descriptionConfig.cmake
[0.742s] -- Up-to-date: /home/dell/drone/install/drone_description/share/drone_description/cmake/drone_descriptionConfig-version.cmake
[0.742s] -- Up-to-date: /home/dell/drone/install/drone_description/share/drone_description/package.xml
[0.743s] Invoked command in '/home/dell/drone/build/drone_description' returned '0': CMAKE_PREFIX_PATH=${CMAKE_PREFIX_PATH}:/opt/ros/jazzy DEBUGINFOD_URLS=https://debuginfod.ubuntu.com /usr/bin/cmake --install /home/dell/drone/build/drone_description
