[0.008s] Invoking command in '/home/dell/drone/build/drone_description': CMAKE_PREFIX_PATH=${CMAKE_PREFIX_PATH}:/opt/ros/jazzy DEBUGINFOD_URLS=https://debuginfod.ubuntu.com /usr/bin/cmake /home/dell/drone/src/drone_description -DCMAKE_INSTALL_PREFIX=/home/dell/drone/install/drone_description
[0.183s] -- The C compiler identification is GNU 13.3.0
[0.254s] -- The CXX compiler identification is GNU 13.3.0
[0.267s] -- Detecting C compiler ABI info
[0.332s] -- Detecting C compiler ABI info - done
[0.340s] -- Check for working C compiler: /usr/bin/cc - skipped
[0.340s] -- Detecting C compile features
[0.341s] -- Detecting C compile features - done
[0.348s] -- Detecting CXX compiler ABI info
[0.430s] -- Detecting CXX compiler ABI info - done
[0.439s] -- Check for working CXX compiler: /usr/bin/c++ - skipped
[0.439s] -- Detecting CXX compile features
[0.440s] -- Detecting CXX compile features - done
[0.446s] -- Found ament_cmake: 2.5.4 (/opt/ros/jazzy/share/ament_cmake/cmake)
[0.567s] -- Found Python3: /usr/bin/python3 (found version "3.12.3") found components: Interpreter 
[0.675s] -- Found ament_lint_auto: 0.17.2 (/opt/ros/jazzy/share/ament_lint_auto/cmake)
[0.763s] -- Added test 'lint_cmake' to check CMake code style
[0.764s] -- Added test 'xmllint' to check XML markup files
[0.765s] -- Configuring done (0.8s)
[0.767s] -- Generating done (0.0s)
[0.768s] -- Build files have been written to: /home/dell/drone/build/drone_description
[0.772s] Invoked command in '/home/dell/drone/build/drone_description' returned '0': CMAKE_PREFIX_PATH=${CMAKE_PREFIX_PATH}:/opt/ros/jazzy DEBUGINFOD_URLS=https://debuginfod.ubuntu.com /usr/bin/cmake /home/dell/drone/src/drone_description -DCMAKE_INSTALL_PREFIX=/home/dell/drone/install/drone_description
[0.773s] Invoking command in '/home/dell/drone/build/drone_description': CMAKE_PREFIX_PATH=${CMAKE_PREFIX_PATH}:/opt/ros/jazzy DEBUGINFOD_URLS=https://debuginfod.ubuntu.com /usr/bin/cmake --build /home/dell/drone/build/drone_description -- -j16 -l16
[0.800s] Invoked command in '/home/dell/drone/build/drone_description' returned '0': CMAKE_PREFIX_PATH=${CMAKE_PREFIX_PATH}:/opt/ros/jazzy DEBUGINFOD_URLS=https://debuginfod.ubuntu.com /usr/bin/cmake --build /home/dell/drone/build/drone_description -- -j16 -l16
[0.807s] Invoking command in '/home/dell/drone/build/drone_description': CMAKE_PREFIX_PATH=${CMAKE_PREFIX_PATH}:/opt/ros/jazzy DEBUGINFOD_URLS=https://debuginfod.ubuntu.com /usr/bin/cmake --install /home/dell/drone/build/drone_description
[0.814s] -- Install configuration: ""
[0.814s] -- Installing: /home/dell/drone/install/drone_description/share/ament_index/resource_index/package_run_dependencies/drone_description
[0.814s] -- Installing: /home/dell/drone/install/drone_description/share/ament_index/resource_index/parent_prefix_path/drone_description
[0.814s] -- Installing: /home/dell/drone/install/drone_description/share/drone_description/environment/ament_prefix_path.sh
[0.815s] -- Installing: /home/dell/drone/install/drone_description/share/drone_description/environment/ament_prefix_path.dsv
[0.815s] -- Installing: /home/dell/drone/install/drone_description/share/drone_description/environment/path.sh
[0.815s] -- Installing: /home/dell/drone/install/drone_description/share/drone_description/environment/path.dsv
[0.815s] -- Installing: /home/dell/drone/install/drone_description/share/drone_description/local_setup.bash
[0.815s] -- Installing: /home/dell/drone/install/drone_description/share/drone_description/local_setup.sh
[0.815s] -- Installing: /home/dell/drone/install/drone_description/share/drone_description/local_setup.zsh
[0.815s] -- Installing: /home/dell/drone/install/drone_description/share/drone_description/local_setup.dsv
[0.815s] -- Installing: /home/dell/drone/install/drone_description/share/drone_description/package.dsv
[0.815s] -- Installing: /home/dell/drone/install/drone_description/share/ament_index/resource_index/packages/drone_description
[0.816s] -- Installing: /home/dell/drone/install/drone_description/share/drone_description/cmake/drone_descriptionConfig.cmake
[0.816s] -- Installing: /home/dell/drone/install/drone_description/share/drone_description/cmake/drone_descriptionConfig-version.cmake
[0.816s] -- Installing: /home/dell/drone/install/drone_description/share/drone_description/package.xml
[0.817s] Invoked command in '/home/dell/drone/build/drone_description' returned '0': CMAKE_PREFIX_PATH=${CMAKE_PREFIX_PATH}:/opt/ros/jazzy DEBUGINFOD_URLS=https://debuginfod.ubuntu.com /usr/bin/cmake --install /home/dell/drone/build/drone_description
