[0.009s] Invoking command in '/home/dell/drone/build/drone_description': CMAKE_PREFIX_PATH=${CMAKE_PREFIX_PATH}:/opt/ros/jazzy DEBUGINFOD_URLS=https://debuginfod.ubuntu.com /usr/bin/cmake --build /home/dell/drone/build/drone_description -- -j16 -l16
[0.038s] Invoked command in '/home/dell/drone/build/drone_description' returned '0': CMAKE_PREFIX_PATH=${CMAKE_PREFIX_PATH}:/opt/ros/jazzy DEBUGINFOD_URLS=https://debuginfod.ubuntu.com /usr/bin/cmake --build /home/dell/drone/build/drone_description -- -j16 -l16
[0.046s] Invoking command in '/home/dell/drone/build/drone_description': CMAKE_PREFIX_PATH=${CMAKE_PREFIX_PATH}:/opt/ros/jazzy DEBUGINFOD_URLS=https://debuginfod.ubuntu.com /usr/bin/cmake --install /home/dell/drone/build/drone_description
[0.052s] -- Install configuration: ""
[0.052s] -- Up-to-date: /home/dell/drone/install/drone_description/share/ament_index/resource_index/package_run_dependencies/drone_description
[0.052s] -- Up-to-date: /home/dell/drone/install/drone_description/share/ament_index/resource_index/parent_prefix_path/drone_description
[0.052s] -- Up-to-date: /home/dell/drone/install/drone_description/share/drone_description/environment/ament_prefix_path.sh
[0.052s] -- Up-to-date: /home/dell/drone/install/drone_description/share/drone_description/environment/ament_prefix_path.dsv
[0.052s] -- Up-to-date: /home/dell/drone/install/drone_description/share/drone_description/environment/path.sh
[0.052s] -- Up-to-date: /home/dell/drone/install/drone_description/share/drone_description/environment/path.dsv
[0.052s] -- Up-to-date: /home/dell/drone/install/drone_description/share/drone_description/local_setup.bash
[0.052s] -- Up-to-date: /home/dell/drone/install/drone_description/share/drone_description/local_setup.sh
[0.052s] -- Up-to-date: /home/dell/drone/install/drone_description/share/drone_description/local_setup.zsh
[0.052s] -- Up-to-date: /home/dell/drone/install/drone_description/share/drone_description/local_setup.dsv
[0.053s] -- Up-to-date: /home/dell/drone/install/drone_description/share/drone_description/package.dsv
[0.053s] -- Up-to-date: /home/dell/drone/install/drone_description/share/ament_index/resource_index/packages/drone_description
[0.053s] -- Up-to-date: /home/dell/drone/install/drone_description/share/drone_description/cmake/drone_descriptionConfig.cmake
[0.053s] -- Up-to-date: /home/dell/drone/install/drone_description/share/drone_description/cmake/drone_descriptionConfig-version.cmake
[0.053s] -- Up-to-date: /home/dell/drone/install/drone_description/share/drone_description/package.xml
[0.054s] Invoked command in '/home/dell/drone/build/drone_description' returned '0': CMAKE_PREFIX_PATH=${CMAKE_PREFIX_PATH}:/opt/ros/jazzy DEBUGINFOD_URLS=https://debuginfod.ubuntu.com /usr/bin/cmake --install /home/dell/drone/build/drone_description
