[0.010s] Invoking command in '/home/dell/drone/build/drone_description': CMAKE_PREFIX_PATH=${CMAKE_PREFIX_PATH}:/opt/ros/jazzy DEBUGINFOD_URLS=https://debuginfod.ubuntu.com /usr/bin/cmake --build /home/dell/drone/build/drone_description -- -j16 -l16
[0.057s] [ 50%] [32mBuilding CXX object CMakeFiles/waypoint_controller.dir/src/waypoint_controller.cpp.o[0m
[12.000s] [100%] [32m[1mLinking CXX executable waypoint_controller[0m
[12.407s] [100%] Built target waypoint_controller
[12.418s] Invoked command in '/home/dell/drone/build/drone_description' returned '0': CMAKE_PREFIX_PATH=${CMAKE_PREFIX_PATH}:/opt/ros/jazzy DEBUGINFOD_URLS=https://debuginfod.ubuntu.com /usr/bin/cmake --build /home/dell/drone/build/drone_description -- -j16 -l16
[12.428s] Invoking command in '/home/dell/drone/build/drone_description': CMAKE_PREFIX_PATH=${CMAKE_PREFIX_PATH}:/opt/ros/jazzy DEBUGINFOD_URLS=https://debuginfod.ubuntu.com /usr/bin/cmake --install /home/dell/drone/build/drone_description
[12.436s] -- Install configuration: ""
[12.437s] -- Installing: /home/dell/drone/install/drone_description/lib/drone_description/waypoint_controller
[12.444s] -- Set non-toolchain portion of runtime path of "/home/dell/drone/install/drone_description/lib/drone_description/waypoint_controller" to ""
[12.444s] -- Up-to-date: /home/dell/drone/install/drone_description/share/drone_description/models
[12.444s] -- Installing: /home/dell/drone/install/drone_description/share/drone_description/models/x3
[12.445s] -- Up-to-date: /home/dell/drone/install/drone_description/share/drone_description/models/x3/thumbnails
[12.445s] -- Up-to-date: /home/dell/drone/install/drone_description/share/drone_description/models/x3/thumbnails/5.jpg
[12.445s] -- Up-to-date: /home/dell/drone/install/drone_description/share/drone_description/models/x3/thumbnails/1.jpg
[12.445s] -- Up-to-date: /home/dell/drone/install/drone_description/share/drone_description/models/x3/thumbnails/3.jpg
[12.445s] -- Up-to-date: /home/dell/drone/install/drone_description/share/drone_description/models/x3/thumbnails/4.jpg
[12.445s] -- Up-to-date: /home/dell/drone/install/drone_description/share/drone_description/models/x3/thumbnails/2.jpg
[12.445s] -- Up-to-date: /home/dell/drone/install/drone_description/share/drone_description/models/x3/model.sdf
[12.446s] -- Up-to-date: /home/dell/drone/install/drone_description/share/drone_description/models/x3/meshes
[12.446s] -- Up-to-date: /home/dell/drone/install/drone_description/share/drone_description/models/x3/meshes/neo9_propeller_ccw.dae
[12.446s] -- Up-to-date: /home/dell/drone/install/drone_description/share/drone_description/models/x3/meshes/hummingbird.dae
[12.446s] -- Up-to-date: /home/dell/drone/install/drone_description/share/drone_description/models/x3/meshes/x3.dae
[12.446s] -- Up-to-date: /home/dell/drone/install/drone_description/share/drone_description/models/x3/meshes/neo9.dae
[12.446s] -- Up-to-date: /home/dell/drone/install/drone_description/share/drone_description/models/x3/meshes/x3.jpg
[12.446s] -- Up-to-date: /home/dell/drone/install/drone_description/share/drone_description/models/x3/meshes/ardrone.dae
[12.446s] -- Up-to-date: /home/dell/drone/install/drone_description/share/drone_description/models/x3/meshes/propeller_cw.dae
[12.446s] -- Up-to-date: /home/dell/drone/install/drone_description/share/drone_description/models/x3/meshes/vi_sensor.dae
[12.446s] -- Up-to-date: /home/dell/drone/install/drone_description/share/drone_description/models/x3/meshes/neo9_propeller_cw.dae
[12.446s] -- Up-to-date: /home/dell/drone/install/drone_description/share/drone_description/models/x3/meshes/neo11.dae
[12.447s] -- Up-to-date: /home/dell/drone/install/drone_description/share/drone_description/models/x3/meshes/vi_camera.dae
[12.447s] -- Up-to-date: /home/dell/drone/install/drone_description/share/drone_description/models/x3/meshes/neo11_propeller_cw.dae
[12.447s] -- Up-to-date: /home/dell/drone/install/drone_description/share/drone_description/models/x3/meshes/vi_sensor.jpg
[12.447s] -- Up-to-date: /home/dell/drone/install/drone_description/share/drone_description/models/x3/meshes/vi_camera.jpg
[12.447s] -- Up-to-date: /home/dell/drone/install/drone_description/share/drone_description/models/x3/meshes/pelican.dae
[12.447s] -- Up-to-date: /home/dell/drone/install/drone_description/share/drone_description/models/x3/meshes/neo11_propeller_ccw.dae
[12.447s] -- Up-to-date: /home/dell/drone/install/drone_description/share/drone_description/models/x3/meshes/iris.dae
[12.447s] -- Up-to-date: /home/dell/drone/install/drone_description/share/drone_description/models/x3/meshes/firefly.dae
[12.447s] -- Up-to-date: /home/dell/drone/install/drone_description/share/drone_description/models/x3/meshes/propeller_ccw.dae
[12.447s] -- Up-to-date: /home/dell/drone/install/drone_description/share/drone_description/models/x3/model.config
[12.447s] -- Up-to-date: /home/dell/drone/install/drone_description/share/drone_description/worlds
[12.448s] -- Up-to-date: /home/dell/drone/install/drone_description/share/drone_description/worlds/test_world.sdf
[12.448s] -- Up-to-date: /home/dell/drone/install/drone_description/share/drone_description/worlds/drone_world.sdf
[12.448s] -- Up-to-date: /home/dell/drone/install/drone_description/share/drone_description/launch
[12.448s] -- Up-to-date: /home/dell/drone/install/drone_description/share/drone_description/launch/gz.launch.py
[12.448s] -- Up-to-date: /home/dell/drone/install/drone_description/share/drone_description/config
[12.448s] -- Up-to-date: /home/dell/drone/install/drone_description/share/drone_description/config/drone.rviz
[12.448s] -- Up-to-date: /home/dell/drone/install/drone_description/share/drone_description/config/bridge.yaml
[12.448s] -- Up-to-date: /home/dell/drone/install/drone_description/share/ament_index/resource_index/package_run_dependencies/drone_description
[12.448s] -- Up-to-date: /home/dell/drone/install/drone_description/share/ament_index/resource_index/parent_prefix_path/drone_description
[12.448s] -- Up-to-date: /home/dell/drone/install/drone_description/share/drone_description/environment/ament_prefix_path.sh
[12.448s] -- Up-to-date: /home/dell/drone/install/drone_description/share/drone_description/environment/ament_prefix_path.dsv
[12.449s] -- Up-to-date: /home/dell/drone/install/drone_description/share/drone_description/environment/path.sh
[12.449s] -- Up-to-date: /home/dell/drone/install/drone_description/share/drone_description/environment/path.dsv
[12.449s] -- Up-to-date: /home/dell/drone/install/drone_description/share/drone_description/local_setup.bash
[12.449s] -- Up-to-date: /home/dell/drone/install/drone_description/share/drone_description/local_setup.sh
[12.449s] -- Up-to-date: /home/dell/drone/install/drone_description/share/drone_description/local_setup.zsh
[12.449s] -- Up-to-date: /home/dell/drone/install/drone_description/share/drone_description/local_setup.dsv
[12.449s] -- Installing: /home/dell/drone/install/drone_description/share/drone_description/package.dsv
[12.449s] -- Up-to-date: /home/dell/drone/install/drone_description/share/ament_index/resource_index/packages/drone_description
[12.450s] -- Up-to-date: /home/dell/drone/install/drone_description/share/drone_description/cmake/drone_descriptionConfig.cmake
[12.450s] -- Up-to-date: /home/dell/drone/install/drone_description/share/drone_description/cmake/drone_descriptionConfig-version.cmake
[12.450s] -- Up-to-date: /home/dell/drone/install/drone_description/share/drone_description/package.xml
[12.450s] Invoked command in '/home/dell/drone/build/drone_description' returned '0': CMAKE_PREFIX_PATH=${CMAKE_PREFIX_PATH}:/opt/ros/jazzy DEBUGINFOD_URLS=https://debuginfod.ubuntu.com /usr/bin/cmake --install /home/dell/drone/build/drone_description
